<?xml version="1.0" encoding="UTF-8"?>
<testsuites name="GraphQL_API" time="9.189" tests="4" failures="0" errors="0">
   <testsuite name="GraphQL_API" tests="4" failures="0" errors="0" time="9.189" skipped="0" timestamp="2025-10-01T04:06:44.760Z" hostname="10835442 - 192.168.1.4" id="Test Suites/GraphQL_API">
      <properties>
         <property name="deviceName" value=""/>
         <property name="devicePlatform"/>
         <property name="logFolder" value="C:\\Users\\10835442\\Katalon Studio\\Luma\\Reports\\20251001_093637\\GraphQL_API\\20251001_093637"/>
         <property name="logFiles" value="C:\\Users\\10835442\\Katalon Studio\\Luma\\Reports\\20251001_093637\\GraphQL_API\\20251001_093637\\console0.log, C:\\Users\\10835442\\Katalon Studio\\Luma\\Reports\\20251001_093637\\GraphQL_API\\20251001_093637\\execution0.log"/>
         <property name="attachments" value=""/>
         <property name="userFullName" value="abinesh rajendran"/>
         <property name="hostName" value="10835442 - 192.168.1.4"/>
         <property name="hostAddress" value="192.168.1.4"/>
         <property name="projectName" value="Luma"/>
         <property name="os" value="Windows 11 64bit"/>
         <property name="katalonVersion" value="10.3.1.0"/>
      </properties>
      <testcase name="Test Cases/API_Testing/GraphQL_API_Testing/TC01_graphql_Get_api" time="5.037" classname="Test Cases/API_Testing/GraphQL_API_Testing/TC01_graphql_Get_api" status="PASSED">
         <properties>
            <property name="data_binding"><![CDATA[{"(Default) graph...":"graphQL","(Default) schem...":"Include/Data Files/MasterSchema.json","(Default) apiBa...":"apiBaseUrl","(Default) JsonF...":"Include/Data Files/login_data.json"}]]></property>
         </properties>
         <system-out><![CDATA[01-10-2025T09:36:45 - [TEST_CASE][PASSED] - Test Cases/API_Testing/GraphQL_API_Testing/TC01_graphql_Get_api: Test Cases/API_Testing/GraphQL_API_Testing/TC01_graphql_Get_api

01-10-2025T09:36:45 - [TEST_STEP][PASSED] - Start listener action : beforeTestCase: null

01-10-2025T09:36:45 - [TEST_STEP][PASSED] - testCaseId = testCaseContext.getTestCaseId(): null

01-10-2025T09:36:45 - [TEST_STEP][PASSED] - testCaseName = split("/").last(): null

01-10-2025T09:36:45 - [TEST_STEP][PASSED] - if (toLowerCase().endsWith("api")): null

01-10-2025T09:36:46 - [TEST_STEP][PASSED] - logInfo(Skipping browser launch for API test case: $testCaseName): Skipping browser launch for API test case: TC01_graphql_Get_api

01-10-2025T09:36:46 - [MESSAGE][INFO] - Skipping browser launch for API test case: TC01_graphql_Get_api

01-10-2025T09:36:46 - [TEST_STEP][PASSED] - return null: null

01-10-2025T09:36:46 - [TEST_STEP][PASSED] - logInfo("Sending GraphQL query to fetch post by ID"): Sending GraphQL query to fetch post by ID

01-10-2025T09:36:46 - [MESSAGE][INFO] - Sending GraphQL query to fetch post by ID

01-10-2025T09:36:46 - [TEST_STEP][PASSED] - testData = JsonFileReader.getSectionData("graphQL_getPost", jsonDataFilePath): null

01-10-2025T09:36:46 - [TEST_STEP][PASSED] - query = QueryBuilder.buildQuery(testData): null

01-10-2025T09:36:46 - [TEST_STEP][PASSED] - variables = variables: null

01-10-2025T09:36:46 - [TEST_STEP][PASSED] - headers = (testData.headers) ? testData.headers : [:]: null

01-10-2025T09:36:46 - [TEST_STEP][PASSED] - profileVariables = loadProfileVariables.loadAllProfileVariables("graphQL"): null

01-10-2025T09:36:46 - [TEST_STEP][PASSED] - response = ApiKeywords.sendGraphQL(profileVariables["apiBaseUrl"], query, variables, headers): Send request successfully

01-10-2025T09:36:49 - [MESSAGE][INFO] - HAR: C:\Users\10835442\Katalon Studio\Luma\Reports\20251001_093637\GraphQL_API\20251001_093637\requests\main\POST_Generic_0.har

01-10-2025T09:36:50 - [MESSAGE][PASSED] - Send request successfully

01-10-2025T09:36:50 - [TEST_STEP][PASSED] - verifyResponseStatusCode(response, 200): Verify response status code successfully

01-10-2025T09:36:50 - [MESSAGE][PASSED] - Verify response status code successfully

01-10-2025T09:36:50 - [TEST_STEP][PASSED] - logInfo("GraphQL response status code verified as 200"): GraphQL response status code verified as 200

01-10-2025T09:36:50 - [MESSAGE][INFO] - GraphQL response status code verified as 200

01-10-2025T09:36:50 - [TEST_STEP][PASSED] - responseBody = response.getResponseBodyContent(): null

01-10-2025T09:36:50 - [TEST_STEP][PASSED] - json = JsonSlurper().parseText(responseBody): null

01-10-2025T09:36:50 - [TEST_STEP][PASSED] - println(responseBody): null

01-10-2025T09:36:50 - [TEST_STEP][PASSED] - logInfo(Post ID: $json.data.post.id): Post ID: 1

01-10-2025T09:36:50 - [MESSAGE][INFO] - Post ID: 1

01-10-2025T09:36:50 - [TEST_STEP][PASSED] - logInfo(Post Title: $json.data.post.title): Post Title: sunt aut facere repellat provident occaecati excepturi optio reprehenderit

01-10-2025T09:36:50 - [MESSAGE][INFO] - Post Title: sunt aut facere repellat provident occaecati excepturi optio reprehenderit

01-10-2025T09:36:50 - [TEST_STEP][PASSED] - SchemaValidator.validateJsonWithSchema(responseBody, JsonOutput.toJson(JsonFileReader.getSectionData("graphQL_GET", schemaFilePath))): Schema validation passed.

01-10-2025T09:36:50 - [MESSAGE][INFO] - Schema expects the following fields:

01-10-2025T09:36:50 - [MESSAGE][INFO] - ->Field: 'data' | Type: 'object'

01-10-2025T09:36:50 - [MESSAGE][INFO] - Schema validation passed.

01-10-2025T09:36:50 - [TEST_STEP][PASSED] - markPassed("GraphQL response schema validation passed"): GraphQL response schema validation passed

01-10-2025T09:36:50 - [MESSAGE][PASSED] - GraphQL response schema validation passed

01-10-2025T09:36:50 - [TEST_STEP][PASSED] - JsonFileReader.storeApiResponse("get_GraphQL_Response", response, responseDataFilePath): Stored API response under section 'get_GraphQL_Response' in file 'Include/Data Files/Response_data.json'.

01-10-2025T09:36:50 - [MESSAGE][INFO] - Saved updated JSON data to file: Include\Data Files\Response_data.json

01-10-2025T09:36:50 - [MESSAGE][INFO] - Stored API response under section 'get_GraphQL_Response' in file 'Include/Data Files/Response_data.json'.

01-10-2025T09:36:50 - [TEST_STEP][PASSED] - Start listener action : closeTheBrowser: Error while closing browser: Browser is not opened
Build info: version: '4.28.1', revision: '73f5ad48a2'
System info: os.name: 'Windows 11', os.arch: 'amd64', os.version: '10.0', java.version: '17.0.14'
Driver info: driver.version: unknown

01-10-2025T09:36:50 - [TEST_STEP][PASSED] - testCaseId = testCaseContext.getTestCaseId(): null

01-10-2025T09:36:50 - [TEST_STEP][PASSED] - testCaseName = split("/").last(): null

01-10-2025T09:36:50 - [TEST_STEP][PASSED] - testCaseStatus = testCaseContext.getTestCaseStatus(): null

01-10-2025T09:36:50 - [TEST_STEP][PASSED] - println(testCaseStatus): null

01-10-2025T09:36:50 - [TEST_STEP][PASSED] - StatusMap = DependencyHandler.getStatusMap(): null

01-10-2025T09:36:50 - [TEST_STEP][PASSED] - if (StatusMap.containsKey(testCaseName)): null

01-10-2025T09:36:50 - [TEST_STEP][PASSED] - try: null

01-10-2025T09:36:50 - [TEST_STEP][PASSED] - driver = getWebDriver(): null

01-10-2025T09:36:50 - [TEST_STEP][PASSED] - catch (Exception e): Error while closing browser: Browser is not opened
Build info: version: '4.28.1', revision: '73f5ad48a2'
System info: os.name: 'Windows 11', os.arch: 'amd64', os.version: '10.0', java.version: '17.0.14'
Driver info: driver.version: unknown

01-10-2025T09:36:50 - [TEST_STEP][PASSED] - logInfo(Error while closing browser: $e.message): Error while closing browser: Browser is not opened
Build info: version: '4.28.1', revision: '73f5ad48a2'
System info: os.name: 'Windows 11', os.arch: 'amd64', os.version: '10.0', java.version: '17.0.14'
Driver info: driver.version: unknown

01-10-2025T09:36:50 - [MESSAGE][INFO] - Error while closing browser: Browser is not opened
Build info: version: '4.28.1', revision: '73f5ad48a2'
System info: os.name: 'Windows 11', os.arch: 'amd64', os.version: '10.0', java.version: '17.0.14'
Driver info: driver.version: unknown]]></system-out>
         <system-err><![CDATA[]]></system-err>
      </testcase>
      <testcase name="Test Cases/API_Testing/GraphQL_API_Testing/TC02_graphql_Post_api" time="1.414" classname="Test Cases/API_Testing/GraphQL_API_Testing/TC02_graphql_Post_api" status="PASSED">
         <properties>
            <property name="data_binding"><![CDATA[{"(Default) graph...":"graphQL","(Default) schem...":"Include/Data Files/MasterSchema.json","(Default) apiBa...":"apiBaseUrl","(Default) JsonF...":"Include/Data Files/login_data.json"}]]></property>
         </properties>
         <system-out><![CDATA[01-10-2025T09:36:50 - [TEST_CASE][PASSED] - Test Cases/API_Testing/GraphQL_API_Testing/TC02_graphql_Post_api: Test Cases/API_Testing/GraphQL_API_Testing/TC02_graphql_Post_api

01-10-2025T09:36:50 - [TEST_STEP][PASSED] - Start listener action : beforeTestCase: null

01-10-2025T09:36:50 - [TEST_STEP][PASSED] - testCaseId = testCaseContext.getTestCaseId(): null

01-10-2025T09:36:50 - [TEST_STEP][PASSED] - testCaseName = split("/").last(): null

01-10-2025T09:36:50 - [TEST_STEP][PASSED] - if (toLowerCase().endsWith("api")): null

01-10-2025T09:36:50 - [TEST_STEP][PASSED] - logInfo(Skipping browser launch for API test case: $testCaseName): Skipping browser launch for API test case: TC02_graphql_Post_api

01-10-2025T09:36:50 - [MESSAGE][INFO] - Skipping browser launch for API test case: TC02_graphql_Post_api

01-10-2025T09:36:50 - [TEST_STEP][PASSED] - return null: null

01-10-2025T09:36:51 - [TEST_STEP][PASSED] - logInfo("Sending GraphQL mutation to create a new post using stored GET response"): Sending GraphQL mutation to create a new post using stored GET response

01-10-2025T09:36:51 - [MESSAGE][INFO] - Sending GraphQL mutation to create a new post using stored GET response

01-10-2025T09:36:51 - [TEST_STEP][PASSED] - testData = JsonFileReader.getSectionData("graphQL_createPost", jsonDataFilePath): null

01-10-2025T09:36:51 - [TEST_STEP][PASSED] - query = QueryBuilder.buildQuery(testData): null

01-10-2025T09:36:51 - [TEST_STEP][PASSED] - headers = (testData.headers) ? testData.headers : [:]: null

01-10-2025T09:36:51 - [TEST_STEP][PASSED] - storedData = JsonFileReader.getSectionData("get_GraphQL_Response", responseDataFilePath): null

01-10-2025T09:36:51 - [TEST_STEP][PASSED] - postData = post: null

01-10-2025T09:36:51 - [TEST_STEP][PASSED] - variables = ["input":["title":title, "body":body]]: null

01-10-2025T09:36:51 - [TEST_STEP][PASSED] - baseUrl = GlobalAccessor.getProfileVariable(graphQL, apiBaseUrl): null

01-10-2025T09:36:51 - [TEST_STEP][PASSED] - response = ApiKeywords.sendGraphQL(baseUrl, query, variables, headers): Send request successfully

01-10-2025T09:36:51 - [MESSAGE][INFO] - HAR: C:\Users\10835442\Katalon Studio\Luma\Reports\20251001_093637\GraphQL_API\20251001_093637\requests\main\POST_Generic_1.har

01-10-2025T09:36:51 - [MESSAGE][PASSED] - Send request successfully

01-10-2025T09:36:52 - [TEST_STEP][PASSED] - verifyResponseStatusCode(response, 200): Verify response status code successfully

01-10-2025T09:36:52 - [MESSAGE][PASSED] - Verify response status code successfully

01-10-2025T09:36:52 - [TEST_STEP][PASSED] - logInfo("GraphQL response status code verified as 200"): GraphQL response status code verified as 200

01-10-2025T09:36:52 - [MESSAGE][INFO] - GraphQL response status code verified as 200

01-10-2025T09:36:52 - [TEST_STEP][PASSED] - responseBody = response.getResponseBodyContent(): null

01-10-2025T09:36:52 - [TEST_STEP][PASSED] - json = JsonSlurper().parseText(responseBody): null

01-10-2025T09:36:52 - [TEST_STEP][PASSED] - logInfo(Created Post ID: $json.data.createPost.id): Created Post ID: 101

01-10-2025T09:36:52 - [MESSAGE][INFO] - Created Post ID: 101

01-10-2025T09:36:52 - [TEST_STEP][PASSED] - logInfo(Created Post Title: $json.data.createPost.title): Created Post Title: sunt aut facere repellat provident occaecati excepturi optio reprehenderit

01-10-2025T09:36:52 - [MESSAGE][INFO] - Created Post Title: sunt aut facere repellat provident occaecati excepturi optio reprehenderit

01-10-2025T09:36:52 - [TEST_STEP][PASSED] - SchemaValidator.validateJsonWithSchema(responseBody, JsonOutput.toJson(JsonFileReader.getSectionData("graphQL_Post", schemaFilePath))): Schema validation passed.

01-10-2025T09:36:52 - [MESSAGE][INFO] - Schema expects the following fields:

01-10-2025T09:36:52 - [MESSAGE][INFO] - ->Field: 'data' | Type: 'object'

01-10-2025T09:36:52 - [MESSAGE][INFO] - Schema validation passed.

01-10-2025T09:36:52 - [TEST_STEP][PASSED] - markPassed("GraphQL createPost response schema validation passed"): GraphQL createPost response schema validation passed

01-10-2025T09:36:52 - [MESSAGE][PASSED] - GraphQL createPost response schema validation passed

01-10-2025T09:36:52 - [TEST_STEP][PASSED] - Start listener action : closeTheBrowser: Error while closing browser: Browser is not opened
Build info: version: '4.28.1', revision: '73f5ad48a2'
System info: os.name: 'Windows 11', os.arch: 'amd64', os.version: '10.0', java.version: '17.0.14'
Driver info: driver.version: unknown

01-10-2025T09:36:52 - [TEST_STEP][PASSED] - testCaseId = testCaseContext.getTestCaseId(): null

01-10-2025T09:36:52 - [TEST_STEP][PASSED] - testCaseName = split("/").last(): null

01-10-2025T09:36:52 - [TEST_STEP][PASSED] - testCaseStatus = testCaseContext.getTestCaseStatus(): null

01-10-2025T09:36:52 - [TEST_STEP][PASSED] - println(testCaseStatus): null

01-10-2025T09:36:52 - [TEST_STEP][PASSED] - StatusMap = DependencyHandler.getStatusMap(): null

01-10-2025T09:36:52 - [TEST_STEP][PASSED] - if (StatusMap.containsKey(testCaseName)): null

01-10-2025T09:36:52 - [TEST_STEP][PASSED] - try: null

01-10-2025T09:36:52 - [TEST_STEP][PASSED] - driver = getWebDriver(): null

01-10-2025T09:36:52 - [TEST_STEP][PASSED] - catch (Exception e): Error while closing browser: Browser is not opened
Build info: version: '4.28.1', revision: '73f5ad48a2'
System info: os.name: 'Windows 11', os.arch: 'amd64', os.version: '10.0', java.version: '17.0.14'
Driver info: driver.version: unknown

01-10-2025T09:36:52 - [TEST_STEP][PASSED] - logInfo(Error while closing browser: $e.message): Error while closing browser: Browser is not opened
Build info: version: '4.28.1', revision: '73f5ad48a2'
System info: os.name: 'Windows 11', os.arch: 'amd64', os.version: '10.0', java.version: '17.0.14'
Driver info: driver.version: unknown

01-10-2025T09:36:52 - [MESSAGE][INFO] - Error while closing browser: Browser is not opened
Build info: version: '4.28.1', revision: '73f5ad48a2'
System info: os.name: 'Windows 11', os.arch: 'amd64', os.version: '10.0', java.version: '17.0.14'
Driver info: driver.version: unknown]]></system-out>
         <system-err><![CDATA[]]></system-err>
      </testcase>
      <testcase name="Test Cases/API_Testing/GraphQL_API_Testing/TC03_graphql_Patch_api" time="1.129" classname="Test Cases/API_Testing/GraphQL_API_Testing/TC03_graphql_Patch_api" status="PASSED">
         <properties>
            <property name="data_binding"><![CDATA[{"(Default) graph...":"graphQL","(Default) schem...":"Include/Data Files/MasterSchema.json","(Default) apiBa...":"apiBaseUrl"}]]></property>
         </properties>
         <system-out><![CDATA[01-10-2025T09:36:52 - [TEST_CASE][PASSED] - Test Cases/API_Testing/GraphQL_API_Testing/TC03_graphql_Patch_api: Test Cases/API_Testing/GraphQL_API_Testing/TC03_graphql_Patch_api

01-10-2025T09:36:52 - [TEST_STEP][PASSED] - Start listener action : beforeTestCase: null

01-10-2025T09:36:52 - [TEST_STEP][PASSED] - testCaseId = testCaseContext.getTestCaseId(): null

01-10-2025T09:36:52 - [TEST_STEP][PASSED] - testCaseName = split("/").last(): null

01-10-2025T09:36:52 - [TEST_STEP][PASSED] - if (toLowerCase().endsWith("api")): null

01-10-2025T09:36:52 - [TEST_STEP][PASSED] - logInfo(Skipping browser launch for API test case: $testCaseName): Skipping browser launch for API test case: TC03_graphql_Patch_api

01-10-2025T09:36:52 - [MESSAGE][INFO] - Skipping browser launch for API test case: TC03_graphql_Patch_api

01-10-2025T09:36:52 - [TEST_STEP][PASSED] - return null: null

01-10-2025T09:36:52 - [TEST_STEP][PASSED] - logInfo("Sending GraphQL mutation to update post"): Sending GraphQL mutation to update post

01-10-2025T09:36:52 - [MESSAGE][INFO] - Sending GraphQL mutation to update post

01-10-2025T09:36:52 - [TEST_STEP][PASSED] - testData = JsonFileReader.getSectionData("graphQL_updatePost", jsonDataFilePath): null

01-10-2025T09:36:52 - [TEST_STEP][PASSED] - query = QueryBuilder.buildQuery(testData): null

01-10-2025T09:36:52 - [TEST_STEP][PASSED] - variables = variables: null

01-10-2025T09:36:52 - [TEST_STEP][PASSED] - headers = (testData.headers) ? testData.headers : [:]: null

01-10-2025T09:36:52 - [TEST_STEP][PASSED] - baseUrl = GlobalAccessor.getProfileVariable(graphQL, apiBaseUrl): null

01-10-2025T09:36:52 - [TEST_STEP][PASSED] - response = ApiKeywords.sendGraphQL(baseUrl, query, variables, headers): Send request successfully

01-10-2025T09:36:53 - [MESSAGE][INFO] - HAR: C:\Users\10835442\Katalon Studio\Luma\Reports\20251001_093637\GraphQL_API\20251001_093637\requests\main\POST_Generic_2.har

01-10-2025T09:36:53 - [MESSAGE][PASSED] - Send request successfully

01-10-2025T09:36:53 - [TEST_STEP][PASSED] - verifyResponseStatusCode(response, 200): Verify response status code successfully

01-10-2025T09:36:53 - [MESSAGE][PASSED] - Verify response status code successfully

01-10-2025T09:36:53 - [TEST_STEP][PASSED] - logInfo("GraphQL response status code verified as 200"): GraphQL response status code verified as 200

01-10-2025T09:36:53 - [MESSAGE][INFO] - GraphQL response status code verified as 200

01-10-2025T09:36:53 - [TEST_STEP][PASSED] - responseBody = response.getResponseBodyContent(): null

01-10-2025T09:36:53 - [TEST_STEP][PASSED] - json = JsonSlurper().parseText(responseBody): null

01-10-2025T09:36:53 - [TEST_STEP][PASSED] - logInfo(Updated Post ID: $json.data.updatePost.id): Updated Post ID: 1

01-10-2025T09:36:53 - [MESSAGE][INFO] - Updated Post ID: 1

01-10-2025T09:36:53 - [TEST_STEP][PASSED] - logInfo(Updated Post Title: $json.data.updatePost.title): Updated Post Title: Patch modified title

01-10-2025T09:36:53 - [MESSAGE][INFO] - Updated Post Title: Patch modified title

01-10-2025T09:36:53 - [TEST_STEP][PASSED] - SchemaValidator.validateJsonWithSchema(responseBody, JsonOutput.toJson(JsonFileReader.getSectionData("graphQL_Patch", schemaFilePath))): Schema validation passed.

01-10-2025T09:36:53 - [MESSAGE][INFO] - Schema expects the following fields:

01-10-2025T09:36:53 - [MESSAGE][INFO] - ->Field: 'data' | Type: 'object'

01-10-2025T09:36:53 - [MESSAGE][INFO] - Schema validation passed.

01-10-2025T09:36:53 - [TEST_STEP][PASSED] - markPassed("GraphQL updatePost response schema validation passed"): GraphQL updatePost response schema validation passed

01-10-2025T09:36:53 - [MESSAGE][PASSED] - GraphQL updatePost response schema validation passed

01-10-2025T09:36:53 - [TEST_STEP][PASSED] - Start listener action : closeTheBrowser: Error while closing browser: Browser is not opened
Build info: version: '4.28.1', revision: '73f5ad48a2'
System info: os.name: 'Windows 11', os.arch: 'amd64', os.version: '10.0', java.version: '17.0.14'
Driver info: driver.version: unknown

01-10-2025T09:36:53 - [TEST_STEP][PASSED] - testCaseId = testCaseContext.getTestCaseId(): null

01-10-2025T09:36:53 - [TEST_STEP][PASSED] - testCaseName = split("/").last(): null

01-10-2025T09:36:53 - [TEST_STEP][PASSED] - testCaseStatus = testCaseContext.getTestCaseStatus(): null

01-10-2025T09:36:53 - [TEST_STEP][PASSED] - println(testCaseStatus): null

01-10-2025T09:36:53 - [TEST_STEP][PASSED] - StatusMap = DependencyHandler.getStatusMap(): null

01-10-2025T09:36:53 - [TEST_STEP][PASSED] - if (StatusMap.containsKey(testCaseName)): null

01-10-2025T09:36:53 - [TEST_STEP][PASSED] - try: null

01-10-2025T09:36:53 - [TEST_STEP][PASSED] - driver = getWebDriver(): null

01-10-2025T09:36:53 - [TEST_STEP][PASSED] - catch (Exception e): Error while closing browser: Browser is not opened
Build info: version: '4.28.1', revision: '73f5ad48a2'
System info: os.name: 'Windows 11', os.arch: 'amd64', os.version: '10.0', java.version: '17.0.14'
Driver info: driver.version: unknown

01-10-2025T09:36:53 - [TEST_STEP][PASSED] - logInfo(Error while closing browser: $e.message): Error while closing browser: Browser is not opened
Build info: version: '4.28.1', revision: '73f5ad48a2'
System info: os.name: 'Windows 11', os.arch: 'amd64', os.version: '10.0', java.version: '17.0.14'
Driver info: driver.version: unknown

01-10-2025T09:36:53 - [MESSAGE][INFO] - Error while closing browser: Browser is not opened
Build info: version: '4.28.1', revision: '73f5ad48a2'
System info: os.name: 'Windows 11', os.arch: 'amd64', os.version: '10.0', java.version: '17.0.14'
Driver info: driver.version: unknown]]></system-out>
         <system-err><![CDATA[]]></system-err>
      </testcase>
      <testcase name="Test Cases/API_Testing/GraphQL_API_Testing/TC04_graphql_Delete_api" time="0.632" classname="Test Cases/API_Testing/GraphQL_API_Testing/TC04_graphql_Delete_api" status="PASSED">
         <properties>
            <property name="data_binding"><![CDATA[{"(Default) graph...":"graphQL","(Default) apiBa...":"apiBaseUrl","(Default) JsonF...":"Include/Data Files/login_data.json"}]]></property>
         </properties>
         <system-out><![CDATA[01-10-2025T09:36:53 - [TEST_CASE][PASSED] - Test Cases/API_Testing/GraphQL_API_Testing/TC04_graphql_Delete_api: Test Cases/API_Testing/GraphQL_API_Testing/TC04_graphql_Delete_api

01-10-2025T09:36:53 - [TEST_STEP][PASSED] - Start listener action : beforeTestCase: null

01-10-2025T09:36:53 - [TEST_STEP][PASSED] - testCaseId = testCaseContext.getTestCaseId(): null

01-10-2025T09:36:53 - [TEST_STEP][PASSED] - testCaseName = split("/").last(): null

01-10-2025T09:36:53 - [TEST_STEP][PASSED] - if (toLowerCase().endsWith("api")): null

01-10-2025T09:36:53 - [TEST_STEP][PASSED] - logInfo(Skipping browser launch for API test case: $testCaseName): Skipping browser launch for API test case: TC04_graphql_Delete_api

01-10-2025T09:36:53 - [MESSAGE][INFO] - Skipping browser launch for API test case: TC04_graphql_Delete_api

01-10-2025T09:36:53 - [TEST_STEP][PASSED] - return null: null

01-10-2025T09:36:53 - [TEST_STEP][PASSED] - logInfo("Sending GraphQL mutation to delete post by ID"): Sending GraphQL mutation to delete post by ID

01-10-2025T09:36:53 - [MESSAGE][INFO] - Sending GraphQL mutation to delete post by ID

01-10-2025T09:36:53 - [TEST_STEP][PASSED] - testData = JsonFileReader.getSectionData("graphQL_deletePost", jsonDataFilePath): null

01-10-2025T09:36:53 - [TEST_STEP][PASSED] - query = QueryBuilder.buildQuery(testData): null

01-10-2025T09:36:53 - [TEST_STEP][PASSED] - variables = variables: null

01-10-2025T09:36:53 - [TEST_STEP][PASSED] - headers = (testData.headers) ? testData.headers : [:]: null

01-10-2025T09:36:53 - [TEST_STEP][PASSED] - baseUrl = GlobalAccessor.getProfileVariable(graphQL, apiBaseUrl): null

01-10-2025T09:36:53 - [TEST_STEP][PASSED] - response = ApiKeywords.sendGraphQL(baseUrl, query, variables, headers): Send request successfully

01-10-2025T09:36:53 - [MESSAGE][INFO] - HAR: C:\Users\10835442\Katalon Studio\Luma\Reports\20251001_093637\GraphQL_API\20251001_093637\requests\main\POST_Generic_3.har

01-10-2025T09:36:53 - [MESSAGE][PASSED] - Send request successfully

01-10-2025T09:36:53 - [TEST_STEP][PASSED] - verifyResponseStatusCode(response, 200): Verify response status code successfully

01-10-2025T09:36:53 - [MESSAGE][PASSED] - Verify response status code successfully

01-10-2025T09:36:53 - [TEST_STEP][PASSED] - logInfo("GraphQL response status code verified as 200"): GraphQL response status code verified as 200

01-10-2025T09:36:53 - [MESSAGE][INFO] - GraphQL response status code verified as 200

01-10-2025T09:36:53 - [TEST_STEP][PASSED] - Start listener action : closeTheBrowser: Error while closing browser: Browser is not opened
Build info: version: '4.28.1', revision: '73f5ad48a2'
System info: os.name: 'Windows 11', os.arch: 'amd64', os.version: '10.0', java.version: '17.0.14'
Driver info: driver.version: unknown

01-10-2025T09:36:53 - [TEST_STEP][PASSED] - testCaseId = testCaseContext.getTestCaseId(): null

01-10-2025T09:36:53 - [TEST_STEP][PASSED] - testCaseName = split("/").last(): null

01-10-2025T09:36:53 - [TEST_STEP][PASSED] - testCaseStatus = testCaseContext.getTestCaseStatus(): null

01-10-2025T09:36:53 - [TEST_STEP][PASSED] - println(testCaseStatus): null

01-10-2025T09:36:53 - [TEST_STEP][PASSED] - StatusMap = DependencyHandler.getStatusMap(): null

01-10-2025T09:36:53 - [TEST_STEP][PASSED] - if (StatusMap.containsKey(testCaseName)): null

01-10-2025T09:36:53 - [TEST_STEP][PASSED] - try: null

01-10-2025T09:36:53 - [TEST_STEP][PASSED] - driver = getWebDriver(): null

01-10-2025T09:36:53 - [TEST_STEP][PASSED] - catch (Exception e): Error while closing browser: Browser is not opened
Build info: version: '4.28.1', revision: '73f5ad48a2'
System info: os.name: 'Windows 11', os.arch: 'amd64', os.version: '10.0', java.version: '17.0.14'
Driver info: driver.version: unknown

01-10-2025T09:36:53 - [TEST_STEP][PASSED] - logInfo(Error while closing browser: $e.message): Error while closing browser: Browser is not opened
Build info: version: '4.28.1', revision: '73f5ad48a2'
System info: os.name: 'Windows 11', os.arch: 'amd64', os.version: '10.0', java.version: '17.0.14'
Driver info: driver.version: unknown

01-10-2025T09:36:53 - [MESSAGE][INFO] - Error while closing browser: Browser is not opened
Build info: version: '4.28.1', revision: '73f5ad48a2'
System info: os.name: 'Windows 11', os.arch: 'amd64', os.version: '10.0', java.version: '17.0.14'
Driver info: driver.version: unknown]]></system-out>
         <system-err><![CDATA[]]></system-err>
      </testcase>
      <system-out><![CDATA[01-10-2025T09:36:44 - [TEST_SUITE][PASSED] - GraphQL_API: null]]></system-out>
      <system-err><![CDATA[]]></system-err>
   </testsuite>
</testsuites>
