<?xml version="1.0" encoding="UTF-8"?>
<testsuites name="ParallelExecutionSuiteCollection" time="61.802" tests="4" failures="0" errors="0">
   <testsuite name="RegisterSignIN" tests="2" failures="0" errors="0" time="51.89" skipped="0" timestamp="2025-09-05T09:47:08.690Z" hostname="10835442 - 10.235.152.34" id="Test Suites/RegisterSignIN">
      <properties>
         <property name="deviceName" value=""/>
         <property name="devicePlatform"/>
         <property name="logFolder" value="C:\\Users\\10835442\\Katalon Studio\\Luma\\Reports\\20250905_151657\\RegisterSignIN\\20250905_151658"/>
         <property name="logFiles" value="C:\\Users\\10835442\\Katalon Studio\\Luma\\Reports\\20250905_151657\\RegisterSignIN\\20250905_151658\\console0.log, C:\\Users\\10835442\\Katalon Studio\\Luma\\Reports\\20250905_151657\\RegisterSignIN\\20250905_151658\\execution0.log"/>
         <property name="attachments" value=""/>
         <property name="hostName" value="10835442 - 10.235.152.34"/>
         <property name="os" value="Windows 11 64bit"/>
         <property name="katalonVersion" value="10.3.1.0"/>
         <property name="browser" value="Chrome 140.0.7339.81"/>
         <property name="userFullName" value="Abinesh R"/>
         <property name="hostAddress" value="10.235.152.34"/>
         <property name="sessionId" value="11f43dbe291c929117f97b28aa40e9b6"/>
         <property name="projectName" value="Luma"/>
         <property name="seleniumVersion" value="4.28.1"/>
         <property name="proxyInformation" value="ProxyInformation { proxyOption=NO_PROXY, proxyServerType=HTTP, username=, password=********, proxyServerAddress=, proxyServerPort=0, executionList=&quot;&quot;, isApplyToDesiredCapabilities=true }"/>
         <property name="platform" value="Windows 11"/>
      </properties>
      <testcase name="Test Cases/CommentPost" time="29.848" classname="Test Cases/CommentPost" status="PASSED">
         <properties>
            <property name="data_binding"><![CDATA[{"(Default) secti...":"ArticlePage","(Default) filep...":"Include/Data Files/login_data.json"}]]></property>
         </properties>
         <system-out><![CDATA[05-09-2025T15:17:10 - [TEST_CASE][PASSED] - Test Cases/CommentPost: Test Cases/CommentPost

05-09-2025T15:17:10 - [TEST_STEP][PASSED] - Start listener action : openTheBrowser: Current window maximized

05-09-2025T15:17:10 - [TEST_STEP][PASSED] - openBrowser(baseUrl): Browser is opened with url: 'https://ecommerce-playground.lambdatest.io/'

05-09-2025T15:17:11 - [MESSAGE][INFO] - Starting 'Chrome' driver

05-09-2025T15:17:11 - [MESSAGE][INFO] - Action delay is set to 0 milliseconds

05-09-2025T15:17:21 - [MESSAGE][PASSED] - Browser is opened with url: 'https://ecommerce-playground.lambdatest.io/'

05-09-2025T15:17:21 - [TEST_STEP][PASSED] - maximizeWindow(): Current window maximized

05-09-2025T15:17:21 - [MESSAGE][PASSED] - Current window maximized

05-09-2025T15:17:22 - [TEST_STEP][PASSED] - ExtentManager.initReport("BlogCommentReport"): null

05-09-2025T15:17:24 - [TEST_STEP][PASSED] - ExtentManager.createTest("Post Comment on Blog Article"): null

05-09-2025T15:17:24 - [TEST_STEP][PASSED] - try: null

05-09-2025T15:17:24 - [TEST_STEP][PASSED] - ExtentManager.logInfo("Navigating to the blog page"): null

05-09-2025T15:17:24 - [TEST_STEP][PASSED] - pages.HomePage.clickOnBlog(findTestObject("Object Repository/Home_Page/Blogs"), "Blog"): Blog has been clicked

05-09-2025T15:17:25 - [MESSAGE][PASSED] - Object 'Object Repository/Home_Page/Blogs' is visible

05-09-2025T15:17:25 - [MESSAGE][INFO] - Clicking on: Blog

05-09-2025T15:17:29 - [MESSAGE][PASSED] - Object: 'Object Repository/Home_Page/Blogs' is clicked on

05-09-2025T15:17:29 - [MESSAGE][PASSED] - Blog has been clicked

05-09-2025T15:17:29 - [TEST_STEP][PASSED] - ExtentManager.logPass("Navigated to the blog page"): null

05-09-2025T15:17:29 - [TEST_STEP][PASSED] - try: null

05-09-2025T15:17:29 - [TEST_STEP][PASSED] - ExtentManager.logInfo("Navigating to the article page"): null

05-09-2025T15:17:29 - [TEST_STEP][PASSED] - pages.BlogPage.clickOnArticle(findTestObject("Object Repository/BlogsPage/Article")): Article has been clicked

05-09-2025T15:17:30 - [MESSAGE][PASSED] - Object 'Object Repository/BlogsPage/Article' is visible

05-09-2025T15:17:30 - [MESSAGE][INFO] - Clicking on: Article

05-09-2025T15:17:33 - [MESSAGE][PASSED] - Object: 'Object Repository/BlogsPage/Article' is clicked on

05-09-2025T15:17:33 - [MESSAGE][PASSED] - Article has been clicked

05-09-2025T15:17:33 - [TEST_STEP][PASSED] - ExtentManager.logPass("Navigated to the article page"): null

05-09-2025T15:17:33 - [TEST_STEP][PASSED] - try: null

05-09-2025T15:17:33 - [TEST_STEP][PASSED] - ExtentManager.logInfo("Entering the details to post a comment"): null

05-09-2025T15:17:33 - [TEST_STEP][PASSED] - articleFields = [["id":"input-name", "jsonKey":"name", "label":"Name"], ["id":"input-email", "jsonKey":"email", "label":"Email"]]: null

05-09-2025T15:17:33 - [TEST_STEP][PASSED] - articleFields.each({ -> ... }): Email has been entered

05-09-2025T15:17:34 - [MESSAGE][PASSED] - Object 'Object Repository/ArticlePage/dynamicInput' is visible

05-09-2025T15:17:34 - [MESSAGE][INFO] - Entering data into: Name

05-09-2025T15:17:34 - [MESSAGE][PASSED] - Text 'Amal' is set on object 'Object Repository/ArticlePage/dynamicInput'

05-09-2025T15:17:34 - [MESSAGE][PASSED] - Name has been entered

05-09-2025T15:17:35 - [MESSAGE][PASSED] - Object 'Object Repository/ArticlePage/dynamicInput' is visible

05-09-2025T15:17:35 - [MESSAGE][INFO] - Entering data into: Email

05-09-2025T15:17:36 - [MESSAGE][PASSED] - Text 'amal@gmail.com' is set on object 'Object Repository/ArticlePage/dynamicInput'

05-09-2025T15:17:36 - [MESSAGE][PASSED] - Email has been entered

05-09-2025T15:17:36 - [TEST_STEP][PASSED] - pages.ArticlePage.inputCommentOnArticle(findTestObject("Object Repository/ArticlePage/inputComment"), JsonFileReader.getJsonData(section, "comment", filepath)): Comment has been entered

05-09-2025T15:17:36 - [MESSAGE][PASSED] - Object 'Object Repository/ArticlePage/inputComment' is visible

05-09-2025T15:17:36 - [MESSAGE][INFO] - Entering data into: Comment

05-09-2025T15:17:37 - [MESSAGE][PASSED] - Text 'This comment is to ensure that this testcase is currently running' is set on object 'Object Repository/ArticlePage/inputComment'

05-09-2025T15:17:37 - [MESSAGE][PASSED] - Comment has been entered

05-09-2025T15:17:37 - [TEST_STEP][PASSED] - pages.ArticlePage.clickOnPostCommentButton(findTestObject("Object Repository/ArticlePage/postCommentButton")): Post comment has been clicked

05-09-2025T15:17:37 - [MESSAGE][PASSED] - Object 'Object Repository/ArticlePage/postCommentButton' is visible

05-09-2025T15:17:37 - [MESSAGE][INFO] - Clicking on: Post comment

05-09-2025T15:17:38 - [MESSAGE][PASSED] - Object: 'Object Repository/ArticlePage/postCommentButton' is clicked on

05-09-2025T15:17:38 - [MESSAGE][PASSED] - Post comment has been clicked

05-09-2025T15:17:38 - [TEST_STEP][PASSED] - ExtentManager.logPass("Details for posting a comment have been entered"): null

05-09-2025T15:17:38 - [TEST_STEP][PASSED] - try: null

05-09-2025T15:17:38 - [TEST_STEP][PASSED] - ExtentManager.logInfo("Verifying Success Message"): null

05-09-2025T15:17:38 - [TEST_STEP][PASSED] - pages.ArticlePage.verifySuccessText(findTestObject("Object Repository/ArticlePage/successMessage"), JsonFileReader.getJsonData(section, "successMessage", filepath)): Success Text has been verified

05-09-2025T15:17:38 - [MESSAGE][PASSED] - Object 'Object Repository/ArticlePage/successMessage' is visible

05-09-2025T15:17:38 - [MESSAGE][INFO] - Verifying text for: Success Text

05-09-2025T15:17:38 - [MESSAGE][PASSED] - Actual text and expected text of test object 'Object Repository/ArticlePage/successMessage' are matched.

05-09-2025T15:17:38 - [MESSAGE][PASSED] - Success Text has been verified

05-09-2025T15:17:38 - [TEST_STEP][PASSED] - ExtentManager.logPass("Verified Success Message"): null

05-09-2025T15:17:38 - [TEST_STEP][PASSED] - ExtentManager.flushReport(): null

05-09-2025T15:17:39 - [TEST_STEP][PASSED] - Start listener action : closeTheBrowser: Browser is closed

05-09-2025T15:17:39 - [TEST_STEP][PASSED] - closeBrowser(): Browser is closed

05-09-2025T15:17:39 - [MESSAGE][PASSED] - Browser is closed]]></system-out>
         <system-err><![CDATA[]]></system-err>
      </testcase>
      <testcase name="Test Cases/SignIn" time="20.607" classname="Test Cases/SignIn" status="PASSED">
         <properties>
            <property name="data_binding"><![CDATA[{"(Default) secti...":"loginPage","(Default) filep...":"Include/Data Files/login_data.json"}]]></property>
         </properties>
         <system-out><![CDATA[05-09-2025T15:17:39 - [TEST_CASE][PASSED] - Test Cases/SignIn: Test Cases/SignIn

05-09-2025T15:17:40 - [TEST_STEP][PASSED] - Start listener action : openTheBrowser: Current window maximized

05-09-2025T15:17:40 - [TEST_STEP][PASSED] - openBrowser(baseUrl): Browser is opened with url: 'https://ecommerce-playground.lambdatest.io/'

05-09-2025T15:17:40 - [MESSAGE][INFO] - Starting 'Chrome' driver

05-09-2025T15:17:40 - [MESSAGE][INFO] - Action delay is set to 0 milliseconds

05-09-2025T15:17:48 - [MESSAGE][PASSED] - Browser is opened with url: 'https://ecommerce-playground.lambdatest.io/'

05-09-2025T15:17:48 - [TEST_STEP][PASSED] - maximizeWindow(): Current window maximized

05-09-2025T15:17:49 - [MESSAGE][PASSED] - Current window maximized

05-09-2025T15:17:49 - [TEST_STEP][PASSED] - ExtentManager.initReport("LoginTestReport"): null

05-09-2025T15:17:49 - [TEST_STEP][PASSED] - ExtentManager.createTest("Login Test"): null

05-09-2025T15:17:49 - [TEST_STEP][PASSED] - try: null

05-09-2025T15:17:49 - [TEST_STEP][PASSED] - ExtentManager.logInfo("Navigating to the sign in page"): null

05-09-2025T15:17:49 - [TEST_STEP][PASSED] - pages.HomePage.navigateToAccountPage(): login button has been clicked

05-09-2025T15:17:49 - [MESSAGE][PASSED] - Object 'Object Repository/Home_Page/my_Account_Button' is visible

05-09-2025T15:17:49 - [MESSAGE][INFO] - Hovering over: my account

05-09-2025T15:17:50 - [MESSAGE][PASSED] - Object: 'Object Repository/Home_Page/my_Account_Button' is hovered

05-09-2025T15:17:50 - [MESSAGE][PASSED] - my account has been hovered

05-09-2025T15:17:50 - [MESSAGE][PASSED] - Object 'Object Repository/Home_Page/login_Button' is visible

05-09-2025T15:17:50 - [MESSAGE][INFO] - Clicking on: login button

05-09-2025T15:17:52 - [MESSAGE][PASSED] - Object: 'Object Repository/Home_Page/login_Button' is clicked on

05-09-2025T15:17:52 - [MESSAGE][PASSED] - login button has been clicked

05-09-2025T15:17:52 - [TEST_STEP][PASSED] - ExtentManager.logPass("Navigated to the sign in page"): null

05-09-2025T15:17:52 - [TEST_STEP][PASSED] - try: null

05-09-2025T15:17:52 - [TEST_STEP][PASSED] - ExtentManager.logInfo("Signing into the account"): null

05-09-2025T15:17:52 - [TEST_STEP][PASSED] - loginFields = [["id":"input-email", "jsonKey":"email"], ["id":"input-password", "jsonKey":"password"]]: null

05-09-2025T15:17:52 - [TEST_STEP][PASSED] - loginFields.each({ -> ... }): password has been entered

05-09-2025T15:17:53 - [MESSAGE][PASSED] - Object 'Object Repository/LoginPage/generic_Input' is visible

05-09-2025T15:17:53 - [MESSAGE][INFO] - Entering data into: email

05-09-2025T15:17:53 - [MESSAGE][PASSED] - Text 'alicesmith.38@gmail.com' is set on object 'Object Repository/LoginPage/generic_Input'

05-09-2025T15:17:53 - [MESSAGE][PASSED] - email has been entered

05-09-2025T15:17:54 - [MESSAGE][PASSED] - Object 'Object Repository/LoginPage/generic_Input' is visible

05-09-2025T15:17:54 - [MESSAGE][INFO] - Entering data into: password

05-09-2025T15:17:54 - [MESSAGE][PASSED] - Text 'Password123' is set on object 'Object Repository/LoginPage/generic_Input'

05-09-2025T15:17:54 - [MESSAGE][PASSED] - password has been entered

05-09-2025T15:17:54 - [TEST_STEP][PASSED] - pages.LoginPage.clickOnLoginButton(findTestObject("Object Repository/LoginPage/Login_button")): Login button has been clicked

05-09-2025T15:17:55 - [MESSAGE][PASSED] - Object 'Object Repository/LoginPage/Login_button' is visible

05-09-2025T15:17:55 - [MESSAGE][INFO] - Clicking on: Login button

05-09-2025T15:17:59 - [MESSAGE][PASSED] - Object: 'Object Repository/LoginPage/Login_button' is clicked on

05-09-2025T15:17:59 - [MESSAGE][PASSED] - Login button has been clicked

05-09-2025T15:17:59 - [TEST_STEP][PASSED] - ExtentManager.logPass("Signed into the account"): null

05-09-2025T15:17:59 - [TEST_STEP][PASSED] - try: null

05-09-2025T15:17:59 - [TEST_STEP][PASSED] - ExtentManager.logInfo("Verifying My Account"): null

05-09-2025T15:17:59 - [TEST_STEP][PASSED] - pages.AccountPage.verifyMyAccount(findTestObject("Object Repository/AccountPage/my_Account_verification"), JsonFileReader.getJsonData(section, "verification_text", filepath)): Verify My account has been verified

05-09-2025T15:17:59 - [MESSAGE][PASSED] - Object 'Object Repository/AccountPage/my_Account_verification' is visible

05-09-2025T15:17:59 - [MESSAGE][INFO] - Verifying text for: Verify My account

05-09-2025T15:18:00 - [MESSAGE][PASSED] - Actual text and expected text of test object 'Object Repository/AccountPage/my_Account_verification' are matched.

05-09-2025T15:18:00 - [MESSAGE][PASSED] - Verify My account has been verified

05-09-2025T15:18:00 - [TEST_STEP][PASSED] - ExtentManager.logPass("Verified My Account"): null

05-09-2025T15:18:00 - [TEST_STEP][PASSED] - ExtentManager.flushReport(): null

05-09-2025T15:18:00 - [TEST_STEP][PASSED] - Start listener action : closeTheBrowser: Browser is closed

05-09-2025T15:18:00 - [TEST_STEP][PASSED] - closeBrowser(): Browser is closed

05-09-2025T15:18:00 - [MESSAGE][PASSED] - Browser is closed]]></system-out>
         <system-err><![CDATA[]]></system-err>
      </testcase>
      <system-out><![CDATA[05-09-2025T15:17:08 - [TEST_SUITE][PASSED] - RegisterSignIN: null]]></system-out>
      <system-err><![CDATA[]]></system-err>
   </testsuite>
   <testsuite name="TestSuite" tests="2" failures="0" errors="0" time="55.08" skipped="0" timestamp="2025-09-05T09:47:09.036Z" hostname="10835442 - 10.235.152.34" id="Test Suites/TestSuite">
      <properties>
         <property name="deviceName" value=""/>
         <property name="devicePlatform"/>
         <property name="logFolder" value="C:\\Users\\10835442\\Katalon Studio\\Luma\\Reports\\20250905_151657\\TestSuite\\20250905_151700"/>
         <property name="logFiles" value="C:\\Users\\10835442\\Katalon Studio\\Luma\\Reports\\20250905_151657\\TestSuite\\20250905_151700\\console0.log, C:\\Users\\10835442\\Katalon Studio\\Luma\\Reports\\20250905_151657\\TestSuite\\20250905_151700\\execution0.log"/>
         <property name="attachments" value=""/>
         <property name="hostName" value="10835442 - 10.235.152.34"/>
         <property name="os" value="Windows 11 64bit"/>
         <property name="katalonVersion" value="10.3.1.0"/>
         <property name="browser" value="Chrome 140.0.7339.81"/>
         <property name="userFullName" value="Abinesh R"/>
         <property name="hostAddress" value="10.235.152.34"/>
         <property name="sessionId" value="a33a8d270f4164cc47bf42dbb71706dc"/>
         <property name="projectName" value="Luma"/>
         <property name="seleniumVersion" value="4.28.1"/>
         <property name="proxyInformation" value="ProxyInformation { proxyOption=NO_PROXY, proxyServerType=HTTP, username=, password=********, proxyServerAddress=, proxyServerPort=0, executionList=&quot;&quot;, isApplyToDesiredCapabilities=true }"/>
         <property name="platform" value="Windows 11"/>
      </properties>
      <testcase name="Test Cases/RegisterUser" time="34.086" classname="Test Cases/RegisterUser" status="PASSED">
         <properties>
            <property name="data_binding"><![CDATA[{"(Default) filep...":"Include/Data Files/login_data.json","(Default) regis...":"registrarionSucccessPage"}]]></property>
         </properties>
         <system-out><![CDATA[05-09-2025T15:17:10 - [TEST_CASE][PASSED] - Test Cases/RegisterUser: Test Cases/RegisterUser

05-09-2025T15:17:10 - [TEST_STEP][PASSED] - Start listener action : openTheBrowser: Current window maximized

05-09-2025T15:17:10 - [TEST_STEP][PASSED] - openBrowser(baseUrl): Browser is opened with url: 'https://ecommerce-playground.lambdatest.io/'

05-09-2025T15:17:11 - [MESSAGE][INFO] - Starting 'Chrome' driver

05-09-2025T15:17:11 - [MESSAGE][INFO] - Action delay is set to 0 milliseconds

05-09-2025T15:17:22 - [MESSAGE][PASSED] - Browser is opened with url: 'https://ecommerce-playground.lambdatest.io/'

05-09-2025T15:17:22 - [TEST_STEP][PASSED] - maximizeWindow(): Current window maximized

05-09-2025T15:17:23 - [MESSAGE][PASSED] - Current window maximized

05-09-2025T15:17:23 - [TEST_STEP][PASSED] - ExtentManager.initReport("UserRegistrationReport"): null

05-09-2025T15:17:26 - [TEST_STEP][PASSED] - ExtentManager.createTest("User Registration Test"): null

05-09-2025T15:17:26 - [TEST_STEP][PASSED] - try: null

05-09-2025T15:17:26 - [TEST_STEP][PASSED] - ExtentManager.logInfo("Navigating to the registration page"): null

05-09-2025T15:17:26 - [TEST_STEP][PASSED] - pages.HomePage.navigateToRegisterPage(): login button has been clicked

05-09-2025T15:17:27 - [MESSAGE][PASSED] - Object 'Object Repository/Home_Page/my_Account_Button' is visible

05-09-2025T15:17:27 - [MESSAGE][INFO] - Hovering over: my account

05-09-2025T15:17:27 - [MESSAGE][PASSED] - Object: 'Object Repository/Home_Page/my_Account_Button' is hovered

05-09-2025T15:17:27 - [MESSAGE][PASSED] - my account has been hovered

05-09-2025T15:17:28 - [MESSAGE][PASSED] - Object 'Object Repository/Home_Page/register_Button' is visible

05-09-2025T15:17:28 - [MESSAGE][INFO] - Clicking on: login button

05-09-2025T15:17:30 - [MESSAGE][PASSED] - Object: 'Object Repository/Home_Page/register_Button' is clicked on

05-09-2025T15:17:30 - [MESSAGE][PASSED] - login button has been clicked

05-09-2025T15:17:30 - [TEST_STEP][PASSED] - ExtentManager.logPass("Navigated to the register page"): null

05-09-2025T15:17:30 - [TEST_STEP][PASSED] - try: null

05-09-2025T15:17:30 - [TEST_STEP][PASSED] - ExtentManager.logInfo("Entering the details to register an account"): null

05-09-2025T15:17:30 - [TEST_STEP][PASSED] - fieldMappings = [["id":"input-firstname", "jsonKey":"firstName"], ["id":"input-lastname", "jsonKey":"lastName"], ["id":"input-email", "jsonKey":"email"], ["id":"input-telephone", "jsonKey":"telephone"], ["id":"input-password", "jsonKey":"password"], ["id":"input-confirm", "jsonKey":"password"]]: null

05-09-2025T15:17:30 - [TEST_STEP][PASSED] - fieldMappings.each({ -> ... }): password has been entered

05-09-2025T15:17:31 - [MESSAGE][PASSED] - Object 'Object Repository/Registration_Page/generic_Input' is visible

05-09-2025T15:17:31 - [MESSAGE][INFO] - Entering data into: firstName

05-09-2025T15:17:32 - [MESSAGE][PASSED] - Text 'Alice' is set on object 'Object Repository/Registration_Page/generic_Input'

05-09-2025T15:17:32 - [MESSAGE][PASSED] - firstName has been entered

05-09-2025T15:17:32 - [MESSAGE][PASSED] - Object 'Object Repository/Registration_Page/generic_Input' is visible

05-09-2025T15:17:32 - [MESSAGE][INFO] - Entering data into: lastName

05-09-2025T15:17:33 - [MESSAGE][PASSED] - Text 'Smithh' is set on object 'Object Repository/Registration_Page/generic_Input'

05-09-2025T15:17:33 - [MESSAGE][PASSED] - lastName has been entered

05-09-2025T15:17:33 - [MESSAGE][PASSED] - Object 'Object Repository/Registration_Page/generic_Input' is visible

05-09-2025T15:17:33 - [MESSAGE][INFO] - Entering data into: email

05-09-2025T15:17:34 - [MESSAGE][PASSED] - Text 'alicesmith.38@gmail.com' is set on object 'Object Repository/Registration_Page/generic_Input'

05-09-2025T15:17:34 - [MESSAGE][PASSED] - email has been entered

05-09-2025T15:17:34 - [MESSAGE][PASSED] - Object 'Object Repository/Registration_Page/generic_Input' is visible

05-09-2025T15:17:34 - [MESSAGE][INFO] - Entering data into: telephone

05-09-2025T15:17:35 - [MESSAGE][PASSED] - Text '1234567890' is set on object 'Object Repository/Registration_Page/generic_Input'

05-09-2025T15:17:35 - [MESSAGE][PASSED] - telephone has been entered

05-09-2025T15:17:35 - [MESSAGE][PASSED] - Object 'Object Repository/Registration_Page/generic_Input' is visible

05-09-2025T15:17:35 - [MESSAGE][INFO] - Entering data into: password

05-09-2025T15:17:36 - [MESSAGE][PASSED] - Text 'Password123' is set on object 'Object Repository/Registration_Page/generic_Input'

05-09-2025T15:17:36 - [MESSAGE][PASSED] - password has been entered

05-09-2025T15:17:36 - [MESSAGE][PASSED] - Object 'Object Repository/Registration_Page/generic_Input' is visible

05-09-2025T15:17:36 - [MESSAGE][INFO] - Entering data into: password

05-09-2025T15:17:37 - [MESSAGE][PASSED] - Text 'Password123' is set on object 'Object Repository/Registration_Page/generic_Input'

05-09-2025T15:17:37 - [MESSAGE][PASSED] - password has been entered

05-09-2025T15:17:37 - [TEST_STEP][PASSED] - ExtentManager.logPass("Details for registering an account have been set successfully"): null

05-09-2025T15:17:37 - [TEST_STEP][PASSED] - try: null

05-09-2025T15:17:37 - [TEST_STEP][PASSED] - ExtentManager.logInfo("Navigating to the confirmation page"): null

05-09-2025T15:17:37 - [TEST_STEP][PASSED] - pages.UserRegistrationPage.clickOnPolicyCheckBox(findTestObject("Object Repository/Registration_Page/policy_CheckBox")): Policy Checkbox has been clicked

05-09-2025T15:17:37 - [MESSAGE][PASSED] - Object 'Object Repository/Registration_Page/policy_CheckBox' is visible

05-09-2025T15:17:37 - [MESSAGE][INFO] - Clicking on: Policy Checkbox

05-09-2025T15:17:38 - [MESSAGE][PASSED] - Object: 'Object Repository/Registration_Page/policy_CheckBox' is clicked on

05-09-2025T15:17:38 - [MESSAGE][PASSED] - Policy Checkbox has been clicked

05-09-2025T15:17:38 - [TEST_STEP][PASSED] - pages.UserRegistrationPage.clickOnContinue(findTestObject("Object Repository/Registration_Page/continue_Button")): Continue Button has been clicked

05-09-2025T15:17:38 - [MESSAGE][PASSED] - Object 'Object Repository/Registration_Page/continue_Button' is visible

05-09-2025T15:17:38 - [MESSAGE][INFO] - Clicking on: Continue Button

05-09-2025T15:17:38 - [MESSAGE][PASSED] - Object: 'Object Repository/Registration_Page/continue_Button' is clicked on

05-09-2025T15:17:38 - [MESSAGE][PASSED] - Continue Button has been clicked

05-09-2025T15:17:38 - [TEST_STEP][PASSED] - ExtentManager.logPass("Navigated to the confirmation page"): null

05-09-2025T15:17:38 - [TEST_STEP][PASSED] - try: null

05-09-2025T15:17:38 - [TEST_STEP][PASSED] - ExtentManager.logInfo("Verifying Account Creation Text"): null

05-09-2025T15:17:38 - [TEST_STEP][PASSED] - pages.AccountCreationPage.verifyText(findTestObject("Object Repository/Account_Created_Page/account_Creation_Verification"), JsonFileReader.getJsonData(registrationSuccessPage, "verify_Text", filepath), "Account Creation"): Account Creation has been verified

05-09-2025T15:17:42 - [MESSAGE][PASSED] - Object 'Object Repository/Account_Created_Page/account_Creation_Verification' is visible

05-09-2025T15:17:42 - [MESSAGE][INFO] - Verifying text for: Account Creation

05-09-2025T15:17:42 - [MESSAGE][PASSED] - Actual text and expected text of test object 'Object Repository/Account_Created_Page/account_Creation_Verification' are matched.

05-09-2025T15:17:42 - [MESSAGE][PASSED] - Account Creation has been verified

05-09-2025T15:17:42 - [TEST_STEP][PASSED] - ExtentManager.logPass("Verified Account Creation Text"): null

05-09-2025T15:17:42 - [TEST_STEP][PASSED] - try: null

05-09-2025T15:17:42 - [TEST_STEP][PASSED] - ExtentManager.logInfo("Updating login details in JSON file"): null

05-09-2025T15:17:42 - [TEST_STEP][PASSED] - JsonFileReader.updateJsonValue("loginPage", "email", JsonFileReader.getJsonData(registerPage, "email", filepath), filepath): null

05-09-2025T15:17:42 - [TEST_STEP][PASSED] - JsonFileReader.updateJsonValue("loginPage", "password", JsonFileReader.getJsonData(registerPage, "password", filepath), filepath): null

05-09-2025T15:17:42 - [TEST_STEP][PASSED] - ExtentManager.logPass("Updated login details in JSON file"): null

05-09-2025T15:17:42 - [TEST_STEP][PASSED] - ExtentManager.flushReport(): null

05-09-2025T15:17:43 - [TEST_STEP][PASSED] - Start listener action : closeTheBrowser: Browser is closed

05-09-2025T15:17:43 - [TEST_STEP][PASSED] - closeBrowser(): Browser is closed

05-09-2025T15:17:44 - [MESSAGE][PASSED] - Browser is closed]]></system-out>
         <system-err><![CDATA[]]></system-err>
      </testcase>
      <testcase name="Test Cases/SignIn" time="19.713" classname="Test Cases/SignIn" status="PASSED">
         <properties>
            <property name="data_binding"><![CDATA[{"(Default) secti...":"loginPage","(Default) filep...":"Include/Data Files/login_data.json"}]]></property>
         </properties>
         <system-out><![CDATA[05-09-2025T15:17:44 - [TEST_CASE][PASSED] - Test Cases/SignIn: Test Cases/SignIn

05-09-2025T15:17:44 - [TEST_STEP][PASSED] - Start listener action : openTheBrowser: Current window maximized

05-09-2025T15:17:44 - [TEST_STEP][PASSED] - openBrowser(baseUrl): Browser is opened with url: 'https://ecommerce-playground.lambdatest.io/'

05-09-2025T15:17:44 - [MESSAGE][INFO] - Starting 'Chrome' driver

05-09-2025T15:17:44 - [MESSAGE][INFO] - Action delay is set to 0 milliseconds

05-09-2025T15:17:53 - [MESSAGE][PASSED] - Browser is opened with url: 'https://ecommerce-playground.lambdatest.io/'

05-09-2025T15:17:53 - [TEST_STEP][PASSED] - maximizeWindow(): Current window maximized

05-09-2025T15:17:53 - [MESSAGE][PASSED] - Current window maximized

05-09-2025T15:17:53 - [TEST_STEP][PASSED] - ExtentManager.initReport("LoginTestReport"): null

05-09-2025T15:17:53 - [TEST_STEP][PASSED] - ExtentManager.createTest("Login Test"): null

05-09-2025T15:17:53 - [TEST_STEP][PASSED] - try: null

05-09-2025T15:17:53 - [TEST_STEP][PASSED] - ExtentManager.logInfo("Navigating to the sign in page"): null

05-09-2025T15:17:53 - [TEST_STEP][PASSED] - pages.HomePage.navigateToAccountPage(): login button has been clicked

05-09-2025T15:17:54 - [MESSAGE][PASSED] - Object 'Object Repository/Home_Page/my_Account_Button' is visible

05-09-2025T15:17:54 - [MESSAGE][INFO] - Hovering over: my account

05-09-2025T15:17:54 - [MESSAGE][PASSED] - Object: 'Object Repository/Home_Page/my_Account_Button' is hovered

05-09-2025T15:17:54 - [MESSAGE][PASSED] - my account has been hovered

05-09-2025T15:17:55 - [MESSAGE][PASSED] - Object 'Object Repository/Home_Page/login_Button' is visible

05-09-2025T15:17:55 - [MESSAGE][INFO] - Clicking on: login button

05-09-2025T15:17:57 - [MESSAGE][PASSED] - Object: 'Object Repository/Home_Page/login_Button' is clicked on

05-09-2025T15:17:57 - [MESSAGE][PASSED] - login button has been clicked

05-09-2025T15:17:57 - [TEST_STEP][PASSED] - ExtentManager.logPass("Navigated to the sign in page"): null

05-09-2025T15:17:57 - [TEST_STEP][PASSED] - try: null

05-09-2025T15:17:57 - [TEST_STEP][PASSED] - ExtentManager.logInfo("Signing into the account"): null

05-09-2025T15:17:57 - [TEST_STEP][PASSED] - loginFields = [["id":"input-email", "jsonKey":"email"], ["id":"input-password", "jsonKey":"password"]]: null

05-09-2025T15:17:57 - [TEST_STEP][PASSED] - loginFields.each({ -> ... }): password has been entered

05-09-2025T15:17:57 - [MESSAGE][PASSED] - Object 'Object Repository/LoginPage/generic_Input' is visible

05-09-2025T15:17:57 - [MESSAGE][INFO] - Entering data into: email

05-09-2025T15:17:58 - [MESSAGE][PASSED] - Text 'alicesmith.38@gmail.com' is set on object 'Object Repository/LoginPage/generic_Input'

05-09-2025T15:17:58 - [MESSAGE][PASSED] - email has been entered

05-09-2025T15:17:58 - [MESSAGE][PASSED] - Object 'Object Repository/LoginPage/generic_Input' is visible

05-09-2025T15:17:58 - [MESSAGE][INFO] - Entering data into: password

05-09-2025T15:17:59 - [MESSAGE][PASSED] - Text 'Password123' is set on object 'Object Repository/LoginPage/generic_Input'

05-09-2025T15:17:59 - [MESSAGE][PASSED] - password has been entered

05-09-2025T15:17:59 - [TEST_STEP][PASSED] - pages.LoginPage.clickOnLoginButton(findTestObject("Object Repository/LoginPage/Login_button")): Login button has been clicked

05-09-2025T15:17:59 - [MESSAGE][PASSED] - Object 'Object Repository/LoginPage/Login_button' is visible

05-09-2025T15:17:59 - [MESSAGE][INFO] - Clicking on: Login button

05-09-2025T15:18:00 - [MESSAGE][PASSED] - Object: 'Object Repository/LoginPage/Login_button' is clicked on

05-09-2025T15:18:00 - [MESSAGE][PASSED] - Login button has been clicked

05-09-2025T15:18:00 - [TEST_STEP][PASSED] - ExtentManager.logPass("Signed into the account"): null

05-09-2025T15:18:00 - [TEST_STEP][PASSED] - try: null

05-09-2025T15:18:00 - [TEST_STEP][PASSED] - ExtentManager.logInfo("Verifying My Account"): null

05-09-2025T15:18:00 - [TEST_STEP][PASSED] - pages.AccountPage.verifyMyAccount(findTestObject("Object Repository/AccountPage/my_Account_verification"), JsonFileReader.getJsonData(section, "verification_text", filepath)): Verify My account has been verified

05-09-2025T15:18:03 - [MESSAGE][PASSED] - Object 'Object Repository/AccountPage/my_Account_verification' is visible

05-09-2025T15:18:03 - [MESSAGE][INFO] - Verifying text for: Verify My account

05-09-2025T15:18:03 - [MESSAGE][PASSED] - Actual text and expected text of test object 'Object Repository/AccountPage/my_Account_verification' are matched.

05-09-2025T15:18:03 - [MESSAGE][PASSED] - Verify My account has been verified

05-09-2025T15:18:03 - [TEST_STEP][PASSED] - ExtentManager.logPass("Verified My Account"): null

05-09-2025T15:18:03 - [TEST_STEP][PASSED] - ExtentManager.flushReport(): null

05-09-2025T15:18:03 - [TEST_STEP][PASSED] - Start listener action : closeTheBrowser: Browser is closed

05-09-2025T15:18:03 - [TEST_STEP][PASSED] - closeBrowser(): Browser is closed

05-09-2025T15:18:04 - [MESSAGE][PASSED] - Browser is closed]]></system-out>
         <system-err><![CDATA[]]></system-err>
      </testcase>
      <system-out><![CDATA[05-09-2025T15:17:09 - [TEST_SUITE][PASSED] - TestSuite: null]]></system-out>
      <system-err><![CDATA[]]></system-err>
   </testsuite>
</testsuites>
