<?xml version="1.0" encoding="UTF-8"?>
<testsuites name="TestSuite" time="141.618" tests="5" failures="0" errors="0">
   <testsuite name="TestSuite" tests="5" failures="0" errors="0" time="141.618" skipped="0" timestamp="2025-09-02T09:36:14.017Z" hostname="10835442 - 10.235.153.96" id="Test Suites/TestSuite">
      <properties>
         <property name="deviceName" value=""/>
         <property name="devicePlatform"/>
         <property name="logFolder" value="C:\\Users\\10835442\\Katalon Studio\\Luma\\Reports\\20250902_150608\\TestSuite\\20250902_150609"/>
         <property name="logFiles" value="C:\\Users\\10835442\\Katalon Studio\\Luma\\Reports\\20250902_150608\\TestSuite\\20250902_150609\\console0.log, C:\\Users\\10835442\\Katalon Studio\\Luma\\Reports\\20250902_150608\\TestSuite\\20250902_150609\\execution0.log"/>
         <property name="attachments" value=""/>
         <property name="hostName" value="10835442 - 10.235.153.96"/>
         <property name="os" value="Windows 11 64bit"/>
         <property name="katalonVersion" value="10.3.1.0"/>
         <property name="browser" value="Chrome 139.0.7258.155"/>
         <property name="userFullName" value="Abinesh R"/>
         <property name="hostAddress" value="10.235.153.96"/>
         <property name="sessionId" value="5b1f8276bc9b0468e241a76f0743197c"/>
         <property name="projectName" value="Luma"/>
         <property name="seleniumVersion" value="4.28.1"/>
         <property name="proxyInformation" value="ProxyInformation { proxyOption=NO_PROXY, proxyServerType=HTTP, username=, password=********, proxyServerAddress=, proxyServerPort=0, executionList=&quot;&quot;, isApplyToDesiredCapabilities=true }"/>
         <property name="platform" value="Windows 11"/>
      </properties>
      <testcase name="Test Cases/RegisterUser" time="25.667" classname="Test Cases/RegisterUser" status="PASSED">
         <properties>
            <property name="data_binding"><![CDATA[{"(Default) secti...":"register","(Default) filep...":"Include/Data Files/login_data.json"}]]></property>
         </properties>
         <system-out><![CDATA[02-09-2025T15:06:14 - [TEST_CASE][PASSED] - Test Cases/RegisterUser: Test Cases/RegisterUser

02-09-2025T15:06:14 - [TEST_STEP][PASSED] - Start listener action : openTheBrowser: Current window maximized

02-09-2025T15:06:14 - [TEST_STEP][PASSED] - openBrowser(baseUrl): Browser is opened with url: 'https://ecommerce-playground.lambdatest.io/'

02-09-2025T15:06:15 - [MESSAGE][INFO] - Starting 'Chrome' driver

02-09-2025T15:06:15 - [MESSAGE][INFO] - Action delay is set to 0 milliseconds

02-09-2025T15:06:23 - [MESSAGE][PASSED] - Browser is opened with url: 'https://ecommerce-playground.lambdatest.io/'

02-09-2025T15:06:23 - [TEST_STEP][PASSED] - maximizeWindow(): Current window maximized

02-09-2025T15:06:24 - [MESSAGE][PASSED] - Current window maximized

02-09-2025T15:06:24 - [TEST_STEP][PASSED] - logInfo("Hovered over My Account"): Hovered over My Account

02-09-2025T15:06:24 - [MESSAGE][INFO] - Hovered over My Account

02-09-2025T15:06:24 - [TEST_STEP][PASSED] - pages.HomePage.hoverOverMyAccount(findTestObject("Object Repository/Home_Page/my_Account_Button")): My Account has been hovered

02-09-2025T15:06:25 - [MESSAGE][PASSED] - Object 'Object Repository/Home_Page/my_Account_Button' is visible

02-09-2025T15:06:25 - [MESSAGE][INFO] - Hovering My Account

02-09-2025T15:06:25 - [MESSAGE][PASSED] - Object: 'Object Repository/Home_Page/my_Account_Button' is hovered

02-09-2025T15:06:25 - [MESSAGE][PASSED] - My Account has been hovered

02-09-2025T15:06:25 - [TEST_STEP][PASSED] - logInfo("Clicked on Register"): Clicked on Register

02-09-2025T15:06:25 - [MESSAGE][INFO] - Clicked on Register

02-09-2025T15:06:25 - [TEST_STEP][PASSED] - pages.HomePage.clickOnRegister(findTestObject("Object Repository/Home_Page/register_Button")): Register Button has been clicked

02-09-2025T15:06:26 - [MESSAGE][PASSED] - Object 'Object Repository/Home_Page/register_Button' is visible

02-09-2025T15:06:26 - [MESSAGE][INFO] - Clicking Register Button

02-09-2025T15:06:28 - [MESSAGE][PASSED] - Object: 'Object Repository/Home_Page/register_Button' is clicked on

02-09-2025T15:06:28 - [MESSAGE][PASSED] - Register Button has been clicked

02-09-2025T15:06:28 - [TEST_STEP][PASSED] - logInfo("Entered First Name"): Entered First Name

02-09-2025T15:06:28 - [MESSAGE][INFO] - Entered First Name

02-09-2025T15:06:28 - [TEST_STEP][PASSED] - pages.UserRegistrationPage.inputFirstName(findTestObject("Object Repository/Registration_Page/first_Name_Input_Box"), JsonFileReader.getJsonData(section, "firstName", filepath)): First Name has been entered

02-09-2025T15:06:28 - [MESSAGE][PASSED] - Object 'Object Repository/Registration_Page/first_Name_Input_Box' is visible

02-09-2025T15:06:28 - [MESSAGE][INFO] - Entering First Name

02-09-2025T15:06:29 - [MESSAGE][PASSED] - Text 'Alice' is set on object 'Object Repository/Registration_Page/first_Name_Input_Box'

02-09-2025T15:06:29 - [MESSAGE][PASSED] - First Name has been entered

02-09-2025T15:06:29 - [TEST_STEP][PASSED] - logInfo("Entered Last Name"): Entered Last Name

02-09-2025T15:06:29 - [MESSAGE][INFO] - Entered Last Name

02-09-2025T15:06:29 - [TEST_STEP][PASSED] - pages.UserRegistrationPage.inputLastName(findTestObject("Object Repository/Registration_Page/last_Name_Input_Box"), JsonFileReader.getJsonData(section, "lastName", filepath)): Last Name has been entered

02-09-2025T15:06:29 - [MESSAGE][PASSED] - Object 'Object Repository/Registration_Page/last_Name_Input_Box' is visible

02-09-2025T15:06:29 - [MESSAGE][INFO] - Entering Last Name

02-09-2025T15:06:30 - [MESSAGE][PASSED] - Text 'Smithh' is set on object 'Object Repository/Registration_Page/last_Name_Input_Box'

02-09-2025T15:06:30 - [MESSAGE][PASSED] - Last Name has been entered

02-09-2025T15:06:30 - [TEST_STEP][PASSED] - logInfo("Entered Email"): Entered Email

02-09-2025T15:06:30 - [MESSAGE][INFO] - Entered Email

02-09-2025T15:06:30 - [TEST_STEP][PASSED] - pages.UserRegistrationPage.inputEmail(findTestObject("Object Repository/Registration_Page/email_Input_Box"), JsonFileReader.getJsonData(section, "email", filepath)): Email has been entered

02-09-2025T15:06:30 - [MESSAGE][PASSED] - Object 'Object Repository/Registration_Page/email_Input_Box' is visible

02-09-2025T15:06:30 - [MESSAGE][INFO] - Entering Email

02-09-2025T15:06:31 - [MESSAGE][PASSED] - Text 'alicesmith.26@gmail.com' is set on object 'Object Repository/Registration_Page/email_Input_Box'

02-09-2025T15:06:31 - [MESSAGE][PASSED] - Email has been entered

02-09-2025T15:06:31 - [TEST_STEP][PASSED] - logInfo("Entered Telephone"): Entered Telephone

02-09-2025T15:06:31 - [MESSAGE][INFO] - Entered Telephone

02-09-2025T15:06:31 - [TEST_STEP][PASSED] - pages.UserRegistrationPage.inputTelephone(findTestObject("Object Repository/Registration_Page/telephone_Input_Box"), JsonFileReader.getJsonData(section, "telephone", filepath)): Telephone has been entered

02-09-2025T15:06:32 - [MESSAGE][PASSED] - Object 'Object Repository/Registration_Page/telephone_Input_Box' is visible

02-09-2025T15:06:32 - [MESSAGE][INFO] - Entering Telephone

02-09-2025T15:06:32 - [MESSAGE][PASSED] - Text '1234567890' is set on object 'Object Repository/Registration_Page/telephone_Input_Box'

02-09-2025T15:06:32 - [MESSAGE][PASSED] - Telephone has been entered

02-09-2025T15:06:32 - [TEST_STEP][PASSED] - logInfo("Entered Password"): Entered Password

02-09-2025T15:06:32 - [MESSAGE][INFO] - Entered Password

02-09-2025T15:06:32 - [TEST_STEP][PASSED] - pages.UserRegistrationPage.inputPassword(findTestObject("Object Repository/Registration_Page/password_Input_Box"), JsonFileReader.getJsonData(section, "password", filepath)): Password has been entered

02-09-2025T15:06:33 - [MESSAGE][PASSED] - Object 'Object Repository/Registration_Page/password_Input_Box' is visible

02-09-2025T15:06:33 - [MESSAGE][INFO] - Entering Password

02-09-2025T15:06:33 - [MESSAGE][PASSED] - Text ****** has been set on object 'Object Repository/Registration_Page/password_Input_Box'

02-09-2025T15:06:33 - [MESSAGE][PASSED] - Password has been entered

02-09-2025T15:06:33 - [TEST_STEP][PASSED] - logInfo("Entered Confirm Password"): Entered Confirm Password

02-09-2025T15:06:33 - [MESSAGE][INFO] - Entered Confirm Password

02-09-2025T15:06:33 - [TEST_STEP][PASSED] - pages.UserRegistrationPage.inputConfirmPassword(findTestObject("Object Repository/Registration_Page/confirm_Password_Input_Box"), JsonFileReader.getJsonData(section, "password", filepath)): Confirm Password has been entered

02-09-2025T15:06:34 - [MESSAGE][PASSED] - Object 'Object Repository/Registration_Page/confirm_Password_Input_Box' is visible

02-09-2025T15:06:34 - [MESSAGE][INFO] - Entering Confirm Password

02-09-2025T15:06:34 - [MESSAGE][PASSED] - Text ****** has been set on object 'Object Repository/Registration_Page/confirm_Password_Input_Box'

02-09-2025T15:06:34 - [MESSAGE][PASSED] - Confirm Password has been entered

02-09-2025T15:06:34 - [TEST_STEP][PASSED] - logInfo("Clicked on Policy Checkbox"): Clicked on Policy Checkbox

02-09-2025T15:06:34 - [MESSAGE][INFO] - Clicked on Policy Checkbox

02-09-2025T15:06:34 - [TEST_STEP][PASSED] - pages.UserRegistrationPage.clickOnPolicyCheckBox(findTestObject("Object Repository/Registration_Page/policy_CheckBox")): Policy Checkbox has been clicked

02-09-2025T15:06:34 - [MESSAGE][PASSED] - Object 'Object Repository/Registration_Page/policy_CheckBox' is visible

02-09-2025T15:06:34 - [MESSAGE][INFO] - Clicking Policy Checkbox

02-09-2025T15:06:35 - [MESSAGE][PASSED] - Object: 'Object Repository/Registration_Page/policy_CheckBox' is clicked on

02-09-2025T15:06:35 - [MESSAGE][PASSED] - Policy Checkbox has been clicked

02-09-2025T15:06:35 - [TEST_STEP][PASSED] - logInfo("Clicked on Continue Button"): Clicked on Continue Button

02-09-2025T15:06:35 - [MESSAGE][INFO] - Clicked on Continue Button

02-09-2025T15:06:35 - [TEST_STEP][PASSED] - pages.UserRegistrationPage.clickOnContinue(findTestObject("Object Repository/Registration_Page/continue_Button")): Continue Button has been clicked

02-09-2025T15:06:35 - [MESSAGE][PASSED] - Object 'Object Repository/Registration_Page/continue_Button' is visible

02-09-2025T15:06:35 - [MESSAGE][INFO] - Clicking Continue Button

02-09-2025T15:06:38 - [MESSAGE][PASSED] - Object: 'Object Repository/Registration_Page/continue_Button' is clicked on

02-09-2025T15:06:38 - [MESSAGE][PASSED] - Continue Button has been clicked

02-09-2025T15:06:38 - [TEST_STEP][PASSED] - logInfo("Verified Account Creation Text"): Verified Account Creation Text

02-09-2025T15:06:38 - [MESSAGE][INFO] - Verified Account Creation Text

02-09-2025T15:06:38 - [TEST_STEP][PASSED] - pages.AccountCreationPage.verifyText(findTestObject("Object Repository/Account_Created_Page/account_Creation_Verification"), JsonFileReader.getJsonData(section, "verify_Text", filepath), "Account Creation"): Account Creation has been verified

02-09-2025T15:06:39 - [MESSAGE][PASSED] - Object 'Object Repository/Account_Created_Page/account_Creation_Verification' is visible

02-09-2025T15:06:39 - [MESSAGE][INFO] - Verifying Account Creation

02-09-2025T15:06:39 - [MESSAGE][PASSED] - Actual text and expected text of test object 'Object Repository/Account_Created_Page/account_Creation_Verification' are matched.

02-09-2025T15:06:39 - [MESSAGE][PASSED] - Account Creation has been verified

02-09-2025T15:06:39 - [TEST_STEP][PASSED] - logInfo("Updated login email in JSON file"): Updated login email in JSON file

02-09-2025T15:06:39 - [MESSAGE][INFO] - Updated login email in JSON file

02-09-2025T15:06:39 - [TEST_STEP][PASSED] - JsonFileReader.updateJsonValue("login", "email", JsonFileReader.getJsonData(section, "email", filepath), filepath): null

02-09-2025T15:06:39 - [TEST_STEP][PASSED] - JsonFileReader.updateJsonValue("login", "password", JsonFileReader.getJsonData(section, "password", filepath), filepath): null

02-09-2025T15:06:39 - [TEST_STEP][PASSED] - Start listener action : closeTheBrowser: Browser is closed

02-09-2025T15:06:39 - [TEST_STEP][PASSED] - closeBrowser(): Browser is closed

02-09-2025T15:06:40 - [MESSAGE][PASSED] - Browser is closed]]></system-out>
         <system-err><![CDATA[]]></system-err>
      </testcase>
      <testcase name="Test Cases/SignIn" time="18.128" classname="Test Cases/SignIn" status="PASSED">
         <properties>
            <property name="data_binding"><![CDATA[{"(Default) secti...":"login","(Default) filep...":"Include/Data Files/login_data.json"}]]></property>
         </properties>
         <system-out><![CDATA[02-09-2025T15:06:40 - [TEST_CASE][PASSED] - Test Cases/SignIn: Test Cases/SignIn

02-09-2025T15:06:40 - [TEST_STEP][PASSED] - Start listener action : openTheBrowser: Current window maximized

02-09-2025T15:06:40 - [TEST_STEP][PASSED] - openBrowser(baseUrl): Browser is opened with url: 'https://ecommerce-playground.lambdatest.io/'

02-09-2025T15:06:40 - [MESSAGE][INFO] - Starting 'Chrome' driver

02-09-2025T15:06:40 - [MESSAGE][INFO] - Action delay is set to 0 milliseconds

02-09-2025T15:06:47 - [MESSAGE][PASSED] - Browser is opened with url: 'https://ecommerce-playground.lambdatest.io/'

02-09-2025T15:06:47 - [TEST_STEP][PASSED] - maximizeWindow(): Current window maximized

02-09-2025T15:06:47 - [MESSAGE][PASSED] - Current window maximized

02-09-2025T15:06:47 - [TEST_STEP][PASSED] - logInfo("Hovered over My Account"): Hovered over My Account

02-09-2025T15:06:47 - [MESSAGE][INFO] - Hovered over My Account

02-09-2025T15:06:47 - [TEST_STEP][PASSED] - pages.HomePage.hoverOverMyAccount(findTestObject("Object Repository/Home_Page/my_Account_Button")): My Account has been hovered

02-09-2025T15:06:47 - [MESSAGE][PASSED] - Object 'Object Repository/Home_Page/my_Account_Button' is visible

02-09-2025T15:06:47 - [MESSAGE][INFO] - Hovering My Account

02-09-2025T15:06:48 - [MESSAGE][PASSED] - Object: 'Object Repository/Home_Page/my_Account_Button' is hovered

02-09-2025T15:06:48 - [MESSAGE][PASSED] - My Account has been hovered

02-09-2025T15:06:48 - [TEST_STEP][PASSED] - logInfo("Clicked on Login"): Clicked on Login

02-09-2025T15:06:48 - [MESSAGE][INFO] - Clicked on Login

02-09-2025T15:06:48 - [TEST_STEP][PASSED] - pages.HomePage.clickOnLogin(findTestObject("Object Repository/Home_Page/login_Button")): Login Button has been clicked

02-09-2025T15:06:48 - [MESSAGE][PASSED] - Object 'Object Repository/Home_Page/login_Button' is visible

02-09-2025T15:06:48 - [MESSAGE][INFO] - Clicking Login Button

02-09-2025T15:06:50 - [MESSAGE][PASSED] - Object: 'Object Repository/Home_Page/login_Button' is clicked on

02-09-2025T15:06:51 - [MESSAGE][PASSED] - Login Button has been clicked

02-09-2025T15:06:51 - [TEST_STEP][PASSED] - logInfo("Entered Email"): Entered Email

02-09-2025T15:06:51 - [MESSAGE][INFO] - Entered Email

02-09-2025T15:06:51 - [TEST_STEP][PASSED] - pages.LoginPage.inputMail(findTestObject("Object Repository/LoginPage/Input_email"), JsonFileReader.getJsonData(section, "email", filepath)): Mail has been entered

02-09-2025T15:06:51 - [MESSAGE][PASSED] - Object 'Object Repository/LoginPage/Input_email' is visible

02-09-2025T15:06:51 - [MESSAGE][INFO] - Entering Mail

02-09-2025T15:06:52 - [MESSAGE][PASSED] - Text 'alicesmith.26@gmail.com' is set on object 'Object Repository/LoginPage/Input_email'

02-09-2025T15:06:52 - [MESSAGE][PASSED] - Mail has been entered

02-09-2025T15:06:52 - [TEST_STEP][PASSED] - logInfo("Entered Password"): Entered Password

02-09-2025T15:06:52 - [MESSAGE][INFO] - Entered Password

02-09-2025T15:06:52 - [TEST_STEP][PASSED] - pages.LoginPage.inputPassword(findTestObject("Object Repository/LoginPage/Input_password"), JsonFileReader.getJsonData(section, "password", filepath)): Password has been entered

02-09-2025T15:06:52 - [MESSAGE][PASSED] - Object 'Object Repository/LoginPage/Input_password' is visible

02-09-2025T15:06:52 - [MESSAGE][INFO] - Entering Password

02-09-2025T15:06:52 - [MESSAGE][PASSED] - Text ****** has been set on object 'Object Repository/LoginPage/Input_password'

02-09-2025T15:06:52 - [MESSAGE][PASSED] - Password has been entered

02-09-2025T15:06:52 - [TEST_STEP][PASSED] - logInfo("Clicked on Login Button"): Clicked on Login Button

02-09-2025T15:06:52 - [MESSAGE][INFO] - Clicked on Login Button

02-09-2025T15:06:52 - [TEST_STEP][PASSED] - pages.LoginPage.clickOnLoginButton(findTestObject("Object Repository/LoginPage/Login_button")): Login button has been clicked

02-09-2025T15:06:53 - [MESSAGE][PASSED] - Object 'Object Repository/LoginPage/Login_button' is visible

02-09-2025T15:06:53 - [MESSAGE][INFO] - Clicking Login button

02-09-2025T15:06:57 - [MESSAGE][PASSED] - Object: 'Object Repository/LoginPage/Login_button' is clicked on

02-09-2025T15:06:57 - [MESSAGE][PASSED] - Login button has been clicked

02-09-2025T15:06:57 - [TEST_STEP][PASSED] - logInfo("Verified My Account"): Verified My Account

02-09-2025T15:06:57 - [MESSAGE][INFO] - Verified My Account

02-09-2025T15:06:57 - [TEST_STEP][PASSED] - pages.AccountPage.verifyMyAccount(findTestObject("Object Repository/AccountPage/my_Account_verification"), JsonFileReader.getJsonData(section, "verification_text", filepath)): Verify My account has been verified

02-09-2025T15:06:57 - [MESSAGE][PASSED] - Object 'Object Repository/AccountPage/my_Account_verification' is visible

02-09-2025T15:06:57 - [MESSAGE][INFO] - Verifying Verify My account

02-09-2025T15:06:58 - [MESSAGE][PASSED] - Actual text and expected text of test object 'Object Repository/AccountPage/my_Account_verification' are matched.

02-09-2025T15:06:58 - [MESSAGE][PASSED] - Verify My account has been verified

02-09-2025T15:06:58 - [TEST_STEP][PASSED] - Start listener action : closeTheBrowser: Browser is closed

02-09-2025T15:06:58 - [TEST_STEP][PASSED] - closeBrowser(): Browser is closed

02-09-2025T15:06:58 - [MESSAGE][PASSED] - Browser is closed]]></system-out>
         <system-err><![CDATA[]]></system-err>
      </testcase>
      <testcase name="Test Cases/ChangePasswordFunctionality" time="23.859" classname="Test Cases/ChangePasswordFunctionality" status="PASSED">
         <properties>
            <property name="data_binding"><![CDATA[{"(Default) secti...":"changePassword","(Default) filep...":"Include/Data Files/login_data.json"}]]></property>
         </properties>
         <system-out><![CDATA[02-09-2025T15:06:58 - [TEST_CASE][PASSED] - Test Cases/ChangePasswordFunctionality: Test Cases/ChangePasswordFunctionality

02-09-2025T15:06:58 - [TEST_STEP][PASSED] - Start listener action : openTheBrowser: Current window maximized

02-09-2025T15:06:58 - [TEST_STEP][PASSED] - openBrowser(baseUrl): Browser is opened with url: 'https://ecommerce-playground.lambdatest.io/'

02-09-2025T15:06:58 - [MESSAGE][INFO] - Starting 'Chrome' driver

02-09-2025T15:06:58 - [MESSAGE][INFO] - Action delay is set to 0 milliseconds

02-09-2025T15:07:05 - [MESSAGE][PASSED] - Browser is opened with url: 'https://ecommerce-playground.lambdatest.io/'

02-09-2025T15:07:05 - [TEST_STEP][PASSED] - maximizeWindow(): Current window maximized

02-09-2025T15:07:05 - [MESSAGE][PASSED] - Current window maximized

02-09-2025T15:07:05 - [TEST_STEP][PASSED] - logInfo("Calling SignIn Test Case"): Calling SignIn Test Case

02-09-2025T15:07:05 - [MESSAGE][INFO] - Calling SignIn Test Case

02-09-2025T15:07:05 - [TEST_STEP][PASSED] - callTestCase(findTestCase("Test Cases/SignIn"), [:]): Call Test Case 'Test Cases/SignIn' successfully

02-09-2025T15:07:05 - [TEST_CASE][PASSED] - Test Cases/SignIn: Test Cases/SignIn

02-09-2025T15:07:05 - [TEST_STEP][PASSED] - logInfo("Hovered over My Account"): Hovered over My Account

02-09-2025T15:07:05 - [MESSAGE][INFO] - Hovered over My Account

02-09-2025T15:07:05 - [TEST_STEP][PASSED] - pages.HomePage.hoverOverMyAccount(findTestObject("Object Repository/Home_Page/my_Account_Button")): My Account has been hovered

02-09-2025T15:07:06 - [MESSAGE][PASSED] - Object 'Object Repository/Home_Page/my_Account_Button' is visible

02-09-2025T15:07:06 - [MESSAGE][INFO] - Hovering My Account

02-09-2025T15:07:06 - [MESSAGE][PASSED] - Object: 'Object Repository/Home_Page/my_Account_Button' is hovered

02-09-2025T15:07:06 - [MESSAGE][PASSED] - My Account has been hovered

02-09-2025T15:07:06 - [TEST_STEP][PASSED] - logInfo("Clicked on Login"): Clicked on Login

02-09-2025T15:07:06 - [MESSAGE][INFO] - Clicked on Login

02-09-2025T15:07:06 - [TEST_STEP][PASSED] - pages.HomePage.clickOnLogin(findTestObject("Object Repository/Home_Page/login_Button")): Login Button has been clicked

02-09-2025T15:07:07 - [MESSAGE][PASSED] - Object 'Object Repository/Home_Page/login_Button' is visible

02-09-2025T15:07:07 - [MESSAGE][INFO] - Clicking Login Button

02-09-2025T15:07:09 - [MESSAGE][PASSED] - Object: 'Object Repository/Home_Page/login_Button' is clicked on

02-09-2025T15:07:09 - [MESSAGE][PASSED] - Login Button has been clicked

02-09-2025T15:07:09 - [TEST_STEP][PASSED] - logInfo("Entered Email"): Entered Email

02-09-2025T15:07:09 - [MESSAGE][INFO] - Entered Email

02-09-2025T15:07:09 - [TEST_STEP][PASSED] - pages.LoginPage.inputMail(findTestObject("Object Repository/LoginPage/Input_email"), JsonFileReader.getJsonData(section, "email", filepath)): Mail has been entered

02-09-2025T15:07:09 - [MESSAGE][PASSED] - Object 'Object Repository/LoginPage/Input_email' is visible

02-09-2025T15:07:09 - [MESSAGE][INFO] - Entering Mail

02-09-2025T15:07:10 - [MESSAGE][PASSED] - Text 'alicesmith.26@gmail.com' is set on object 'Object Repository/LoginPage/Input_email'

02-09-2025T15:07:10 - [MESSAGE][PASSED] - Mail has been entered

02-09-2025T15:07:10 - [TEST_STEP][PASSED] - logInfo("Entered Password"): Entered Password

02-09-2025T15:07:10 - [MESSAGE][INFO] - Entered Password

02-09-2025T15:07:10 - [TEST_STEP][PASSED] - pages.LoginPage.inputPassword(findTestObject("Object Repository/LoginPage/Input_password"), JsonFileReader.getJsonData(section, "password", filepath)): Password has been entered

02-09-2025T15:07:10 - [MESSAGE][PASSED] - Object 'Object Repository/LoginPage/Input_password' is visible

02-09-2025T15:07:10 - [MESSAGE][INFO] - Entering Password

02-09-2025T15:07:10 - [MESSAGE][PASSED] - Text ****** has been set on object 'Object Repository/LoginPage/Input_password'

02-09-2025T15:07:10 - [MESSAGE][PASSED] - Password has been entered

02-09-2025T15:07:10 - [TEST_STEP][PASSED] - logInfo("Clicked on Login Button"): Clicked on Login Button

02-09-2025T15:07:10 - [MESSAGE][INFO] - Clicked on Login Button

02-09-2025T15:07:10 - [TEST_STEP][PASSED] - pages.LoginPage.clickOnLoginButton(findTestObject("Object Repository/LoginPage/Login_button")): Login button has been clicked

02-09-2025T15:07:11 - [MESSAGE][PASSED] - Object 'Object Repository/LoginPage/Login_button' is visible

02-09-2025T15:07:11 - [MESSAGE][INFO] - Clicking Login button

02-09-2025T15:07:11 - [MESSAGE][PASSED] - Object: 'Object Repository/LoginPage/Login_button' is clicked on

02-09-2025T15:07:11 - [MESSAGE][PASSED] - Login button has been clicked

02-09-2025T15:07:11 - [TEST_STEP][PASSED] - logInfo("Verified My Account"): Verified My Account

02-09-2025T15:07:11 - [MESSAGE][INFO] - Verified My Account

02-09-2025T15:07:11 - [TEST_STEP][PASSED] - pages.AccountPage.verifyMyAccount(findTestObject("Object Repository/AccountPage/my_Account_verification"), JsonFileReader.getJsonData(section, "verification_text", filepath)): Verify My account has been verified

02-09-2025T15:07:14 - [MESSAGE][PASSED] - Object 'Object Repository/AccountPage/my_Account_verification' is visible

02-09-2025T15:07:14 - [MESSAGE][INFO] - Verifying Verify My account

02-09-2025T15:07:14 - [MESSAGE][PASSED] - Actual text and expected text of test object 'Object Repository/AccountPage/my_Account_verification' are matched.

02-09-2025T15:07:14 - [MESSAGE][PASSED] - Verify My account has been verified

02-09-2025T15:07:14 - [MESSAGE][PASSED] - Call Test Case 'Test Cases/SignIn' successfully

02-09-2025T15:07:14 - [TEST_STEP][PASSED] - logInfo("Clicked on Change Password"): Clicked on Change Password

02-09-2025T15:07:14 - [MESSAGE][INFO] - Clicked on Change Password

02-09-2025T15:07:14 - [TEST_STEP][PASSED] - pages.AccountPage.clickOnChangePassword(findTestObject("Object Repository/AccountPage/changePassword")): Change password has been clicked

02-09-2025T15:07:14 - [MESSAGE][PASSED] - Object 'Object Repository/AccountPage/changePassword' is visible

02-09-2025T15:07:14 - [MESSAGE][INFO] - Clicking Change password

02-09-2025T15:07:16 - [MESSAGE][PASSED] - Object: 'Object Repository/AccountPage/changePassword' is clicked on

02-09-2025T15:07:16 - [MESSAGE][PASSED] - Change password has been clicked

02-09-2025T15:07:16 - [TEST_STEP][PASSED] - logInfo("Entered New Password"): Entered New Password

02-09-2025T15:07:16 - [MESSAGE][INFO] - Entered New Password

02-09-2025T15:07:16 - [TEST_STEP][PASSED] - pages.PasswordChangePage.inputChangePassword(findTestObject("Object Repository/ChangePasswordPage/inputPassword"), JsonFileReader.getJsonData(section, "password", filepath)): New Password has been entered

02-09-2025T15:07:17 - [MESSAGE][PASSED] - Object 'Object Repository/ChangePasswordPage/inputPassword' is visible

02-09-2025T15:07:17 - [MESSAGE][INFO] - Entering New Password

02-09-2025T15:07:17 - [MESSAGE][PASSED] - Text ****** has been set on object 'Object Repository/ChangePasswordPage/inputPassword'

02-09-2025T15:07:17 - [MESSAGE][PASSED] - New Password has been entered

02-09-2025T15:07:17 - [TEST_STEP][PASSED] - logInfo("Entered Confirm Password"): Entered Confirm Password

02-09-2025T15:07:17 - [MESSAGE][INFO] - Entered Confirm Password

02-09-2025T15:07:17 - [TEST_STEP][PASSED] - pages.PasswordChangePage.inputConfirmPassword(findTestObject("Object Repository/ChangePasswordPage/inputConfirmPassword"), JsonFileReader.getJsonData(section, "confirmPassword", filepath)): Confirm Password has been entered

02-09-2025T15:07:18 - [MESSAGE][PASSED] - Object 'Object Repository/ChangePasswordPage/inputConfirmPassword' is visible

02-09-2025T15:07:18 - [MESSAGE][INFO] - Entering Confirm Password

02-09-2025T15:07:18 - [MESSAGE][PASSED] - Text ****** has been set on object 'Object Repository/ChangePasswordPage/inputConfirmPassword'

02-09-2025T15:07:18 - [MESSAGE][PASSED] - Confirm Password has been entered

02-09-2025T15:07:18 - [TEST_STEP][PASSED] - logInfo("Clicked on Submit Button"): Clicked on Submit Button

02-09-2025T15:07:18 - [MESSAGE][INFO] - Clicked on Submit Button

02-09-2025T15:07:18 - [TEST_STEP][PASSED] - pages.PasswordChangePage.clickOnSubmit(findTestObject("Object Repository/ChangePasswordPage/submitButton")): Submit button has been clicked

02-09-2025T15:07:18 - [MESSAGE][PASSED] - Object 'Object Repository/ChangePasswordPage/submitButton' is visible

02-09-2025T15:07:18 - [MESSAGE][INFO] - Clicking Submit button

02-09-2025T15:07:21 - [MESSAGE][PASSED] - Object: 'Object Repository/ChangePasswordPage/submitButton' is clicked on

02-09-2025T15:07:21 - [MESSAGE][PASSED] - Submit button has been clicked

02-09-2025T15:07:21 - [TEST_STEP][PASSED] - logInfo("Verified Password Change Text"): Verified Password Change Text

02-09-2025T15:07:21 - [MESSAGE][INFO] - Verified Password Change Text

02-09-2025T15:07:21 - [TEST_STEP][PASSED] - pages.AccountPage.verifyPasswordChange(findTestObject("Object Repository/AccountPage/passwordChangedText"), JsonFileReader.getJsonData(section, "verifyText", filepath)): Verify password change has been verified

02-09-2025T15:07:21 - [MESSAGE][PASSED] - Object 'Object Repository/AccountPage/passwordChangedText' is visible

02-09-2025T15:07:21 - [MESSAGE][INFO] - Verifying Verify password change

02-09-2025T15:07:21 - [MESSAGE][PASSED] - Actual text and expected text of test object 'Object Repository/AccountPage/passwordChangedText' are matched.

02-09-2025T15:07:21 - [MESSAGE][PASSED] - Verify password change has been verified

02-09-2025T15:07:21 - [TEST_STEP][PASSED] - logInfo("Updated login password in JSON file"): Updated login password in JSON file

02-09-2025T15:07:21 - [MESSAGE][INFO] - Updated login password in JSON file

02-09-2025T15:07:21 - [TEST_STEP][PASSED] - JsonFileReader.updateJsonValue("login", "password", JsonFileReader.getJsonData(section, "password", filepath), filepath): null

02-09-2025T15:07:21 - [TEST_STEP][PASSED] - Start listener action : closeTheBrowser: Browser is closed

02-09-2025T15:07:21 - [TEST_STEP][PASSED] - closeBrowser(): Browser is closed

02-09-2025T15:07:22 - [MESSAGE][PASSED] - Browser is closed]]></system-out>
         <system-err><![CDATA[]]></system-err>
      </testcase>
      <testcase name="Test Cases/AddToCart" time="54.687" classname="Test Cases/AddToCart" status="PASSED">
         <properties>
            <property name="data_binding"><![CDATA[{"(Default) secti...":"AddToCart","(Default) filep...":"Include/Data Files/login_data.json"}]]></property>
         </properties>
         <system-out><![CDATA[02-09-2025T15:07:22 - [TEST_CASE][PASSED] - Test Cases/AddToCart: Test Cases/AddToCart

02-09-2025T15:07:22 - [TEST_STEP][PASSED] - Start listener action : openTheBrowser: Current window maximized

02-09-2025T15:07:22 - [TEST_STEP][PASSED] - openBrowser(baseUrl): Browser is opened with url: 'https://ecommerce-playground.lambdatest.io/'

02-09-2025T15:07:22 - [MESSAGE][INFO] - Starting 'Chrome' driver

02-09-2025T15:07:22 - [MESSAGE][INFO] - Action delay is set to 0 milliseconds

02-09-2025T15:07:29 - [MESSAGE][PASSED] - Browser is opened with url: 'https://ecommerce-playground.lambdatest.io/'

02-09-2025T15:07:29 - [TEST_STEP][PASSED] - maximizeWindow(): Current window maximized

02-09-2025T15:07:29 - [MESSAGE][PASSED] - Current window maximized

02-09-2025T15:07:29 - [TEST_STEP][PASSED] - logInfo("Calling SignIn Test Case"): Calling SignIn Test Case

02-09-2025T15:07:29 - [MESSAGE][INFO] - Calling SignIn Test Case

02-09-2025T15:07:29 - [TEST_STEP][PASSED] - callTestCase(findTestCase("Test Cases/SignIn"), [:]): Call Test Case 'Test Cases/SignIn' successfully

02-09-2025T15:07:29 - [TEST_CASE][PASSED] - Test Cases/SignIn: Test Cases/SignIn

02-09-2025T15:07:29 - [TEST_STEP][PASSED] - logInfo("Hovered over My Account"): Hovered over My Account

02-09-2025T15:07:29 - [MESSAGE][INFO] - Hovered over My Account

02-09-2025T15:07:29 - [TEST_STEP][PASSED] - pages.HomePage.hoverOverMyAccount(findTestObject("Object Repository/Home_Page/my_Account_Button")): My Account has been hovered

02-09-2025T15:07:30 - [MESSAGE][PASSED] - Object 'Object Repository/Home_Page/my_Account_Button' is visible

02-09-2025T15:07:30 - [MESSAGE][INFO] - Hovering My Account

02-09-2025T15:07:30 - [MESSAGE][PASSED] - Object: 'Object Repository/Home_Page/my_Account_Button' is hovered

02-09-2025T15:07:30 - [MESSAGE][PASSED] - My Account has been hovered

02-09-2025T15:07:30 - [TEST_STEP][PASSED] - logInfo("Clicked on Login"): Clicked on Login

02-09-2025T15:07:30 - [MESSAGE][INFO] - Clicked on Login

02-09-2025T15:07:30 - [TEST_STEP][PASSED] - pages.HomePage.clickOnLogin(findTestObject("Object Repository/Home_Page/login_Button")): Login Button has been clicked

02-09-2025T15:07:30 - [MESSAGE][PASSED] - Object 'Object Repository/Home_Page/login_Button' is visible

02-09-2025T15:07:30 - [MESSAGE][INFO] - Clicking Login Button

02-09-2025T15:07:33 - [MESSAGE][PASSED] - Object: 'Object Repository/Home_Page/login_Button' is clicked on

02-09-2025T15:07:33 - [MESSAGE][PASSED] - Login Button has been clicked

02-09-2025T15:07:33 - [TEST_STEP][PASSED] - logInfo("Entered Email"): Entered Email

02-09-2025T15:07:33 - [MESSAGE][INFO] - Entered Email

02-09-2025T15:07:33 - [TEST_STEP][PASSED] - pages.LoginPage.inputMail(findTestObject("Object Repository/LoginPage/Input_email"), JsonFileReader.getJsonData(section, "email", filepath)): Mail has been entered

02-09-2025T15:07:33 - [MESSAGE][PASSED] - Object 'Object Repository/LoginPage/Input_email' is visible

02-09-2025T15:07:33 - [MESSAGE][INFO] - Entering Mail

02-09-2025T15:07:34 - [MESSAGE][PASSED] - Text 'alicesmith.26@gmail.com' is set on object 'Object Repository/LoginPage/Input_email'

02-09-2025T15:07:34 - [MESSAGE][PASSED] - Mail has been entered

02-09-2025T15:07:34 - [TEST_STEP][PASSED] - logInfo("Entered Password"): Entered Password

02-09-2025T15:07:34 - [MESSAGE][INFO] - Entered Password

02-09-2025T15:07:34 - [TEST_STEP][PASSED] - pages.LoginPage.inputPassword(findTestObject("Object Repository/LoginPage/Input_password"), JsonFileReader.getJsonData(section, "password", filepath)): Password has been entered

02-09-2025T15:07:34 - [MESSAGE][PASSED] - Object 'Object Repository/LoginPage/Input_password' is visible

02-09-2025T15:07:34 - [MESSAGE][INFO] - Entering Password

02-09-2025T15:07:34 - [MESSAGE][PASSED] - Text ****** has been set on object 'Object Repository/LoginPage/Input_password'

02-09-2025T15:07:34 - [MESSAGE][PASSED] - Password has been entered

02-09-2025T15:07:34 - [TEST_STEP][PASSED] - logInfo("Clicked on Login Button"): Clicked on Login Button

02-09-2025T15:07:34 - [MESSAGE][INFO] - Clicked on Login Button

02-09-2025T15:07:34 - [TEST_STEP][PASSED] - pages.LoginPage.clickOnLoginButton(findTestObject("Object Repository/LoginPage/Login_button")): Login button has been clicked

02-09-2025T15:07:35 - [MESSAGE][PASSED] - Object 'Object Repository/LoginPage/Login_button' is visible

02-09-2025T15:07:35 - [MESSAGE][INFO] - Clicking Login button

02-09-2025T15:07:38 - [MESSAGE][PASSED] - Object: 'Object Repository/LoginPage/Login_button' is clicked on

02-09-2025T15:07:38 - [MESSAGE][PASSED] - Login button has been clicked

02-09-2025T15:07:38 - [TEST_STEP][PASSED] - logInfo("Verified My Account"): Verified My Account

02-09-2025T15:07:38 - [MESSAGE][INFO] - Verified My Account

02-09-2025T15:07:38 - [TEST_STEP][PASSED] - pages.AccountPage.verifyMyAccount(findTestObject("Object Repository/AccountPage/my_Account_verification"), JsonFileReader.getJsonData(section, "verification_text", filepath)): Verify My account has been verified

02-09-2025T15:07:38 - [MESSAGE][PASSED] - Object 'Object Repository/AccountPage/my_Account_verification' is visible

02-09-2025T15:07:38 - [MESSAGE][INFO] - Verifying Verify My account

02-09-2025T15:07:39 - [MESSAGE][PASSED] - Actual text and expected text of test object 'Object Repository/AccountPage/my_Account_verification' are matched.

02-09-2025T15:07:39 - [MESSAGE][PASSED] - Verify My account has been verified

02-09-2025T15:07:39 - [MESSAGE][PASSED] - Call Test Case 'Test Cases/SignIn' successfully

02-09-2025T15:07:39 - [TEST_STEP][PASSED] - logInfo("Clicked on Shop By Category"): Clicked on Shop By Category

02-09-2025T15:07:39 - [MESSAGE][INFO] - Clicked on Shop By Category

02-09-2025T15:07:39 - [TEST_STEP][PASSED] - pages.HomePage.clickOnShopByCategory(findTestObject("Object Repository/Home_Page/shopByCategory")): Shop by category has been clicked

02-09-2025T15:07:39 - [MESSAGE][PASSED] - Object 'Object Repository/Home_Page/shopByCategory' is visible

02-09-2025T15:07:39 - [MESSAGE][INFO] - Clicking Shop by category

02-09-2025T15:07:39 - [MESSAGE][PASSED] - Object: 'Object Repository/Home_Page/shopByCategory' is clicked on

02-09-2025T15:07:39 - [MESSAGE][PASSED] - Shop by category has been clicked

02-09-2025T15:07:39 - [TEST_STEP][PASSED] - logInfo("Clicked on Components"): Clicked on Components

02-09-2025T15:07:39 - [MESSAGE][INFO] - Clicked on Components

02-09-2025T15:07:39 - [TEST_STEP][PASSED] - pages.HomePage.clickOnComponents(findTestObject("Object Repository/Home_Page/components")): Components has been clicked

02-09-2025T15:07:39 - [MESSAGE][PASSED] - Object 'Object Repository/Home_Page/components' is visible

02-09-2025T15:07:39 - [MESSAGE][INFO] - Clicking Components

02-09-2025T15:07:45 - [MESSAGE][PASSED] - Object: 'Object Repository/Home_Page/components' is clicked on

02-09-2025T15:07:45 - [MESSAGE][PASSED] - Components has been clicked

02-09-2025T15:07:45 - [TEST_STEP][PASSED] - logInfo("Filtered by In-stock Products"): Filtered by In-stock Products

02-09-2025T15:07:45 - [MESSAGE][INFO] - Filtered by In-stock Products

02-09-2025T15:07:45 - [TEST_STEP][PASSED] - pages.ComponentsPage.clickOnInstock(findTestObject("Object Repository/CompenentsPage/instockLabel")): In stock label has been clicked

02-09-2025T15:07:46 - [MESSAGE][PASSED] - Object 'Object Repository/CompenentsPage/instockLabel' is visible

02-09-2025T15:07:46 - [MESSAGE][INFO] - Clicking In stock label

02-09-2025T15:07:46 - [MESSAGE][PASSED] - Object: 'Object Repository/CompenentsPage/instockLabel' is clicked on

02-09-2025T15:07:46 - [MESSAGE][PASSED] - In stock label has been clicked

02-09-2025T15:07:46 - [TEST_STEP][PASSED] - logInfo("Clicked on Product"): Clicked on Product

02-09-2025T15:07:46 - [MESSAGE][INFO] - Clicked on Product

02-09-2025T15:07:46 - [TEST_STEP][PASSED] - pages.ComponentsPage.clickOnProduct(findTestObject("Object Repository/CompenentsPage/productName")): Product has been clicked

02-09-2025T15:07:49 - [MESSAGE][PASSED] - Object 'Object Repository/CompenentsPage/productName' is visible

02-09-2025T15:07:49 - [MESSAGE][INFO] - Clicking Product

02-09-2025T15:07:53 - [MESSAGE][PASSED] - Object: 'Object Repository/CompenentsPage/productName' is clicked on

02-09-2025T15:07:53 - [MESSAGE][PASSED] - Product has been clicked

02-09-2025T15:07:53 - [TEST_STEP][PASSED] - logInfo("Clicked on Add to Cart"): Clicked on Add to Cart

02-09-2025T15:07:53 - [MESSAGE][INFO] - Clicked on Add to Cart

02-09-2025T15:07:53 - [TEST_STEP][PASSED] - pages.ProductPage.clickOnAddToCart(findTestObject("Object Repository/ProductPage/addToCartButton")): Add To Cart Button has been clicked

02-09-2025T15:07:53 - [MESSAGE][PASSED] - Object 'Object Repository/ProductPage/addToCartButton' is visible

02-09-2025T15:07:53 - [MESSAGE][INFO] - Clicking Add To Cart Button

02-09-2025T15:07:54 - [MESSAGE][PASSED] - Object: 'Object Repository/ProductPage/addToCartButton' is clicked on

02-09-2025T15:07:54 - [MESSAGE][PASSED] - Add To Cart Button has been clicked

02-09-2025T15:07:54 - [TEST_STEP][PASSED] - logInfo("Clicked on View Cart"): Clicked on View Cart

02-09-2025T15:07:54 - [MESSAGE][INFO] - Clicked on View Cart

02-09-2025T15:07:54 - [TEST_STEP][PASSED] - pages.ProductPage.clickOnViewCart(findTestObject("Object Repository/ProductPage/viewCartButton")): View Cart has been clicked

02-09-2025T15:07:55 - [MESSAGE][PASSED] - Object 'Object Repository/ProductPage/viewCartButton' is visible

02-09-2025T15:07:55 - [MESSAGE][INFO] - Clicking View Cart

02-09-2025T15:07:58 - [MESSAGE][PASSED] - Object: 'Object Repository/ProductPage/viewCartButton' is clicked on

02-09-2025T15:07:58 - [MESSAGE][PASSED] - View Cart has been clicked

02-09-2025T15:07:58 - [TEST_STEP][PASSED] - logInfo("Clicked on Checkout"): Clicked on Checkout

02-09-2025T15:07:58 - [MESSAGE][INFO] - Clicked on Checkout

02-09-2025T15:07:58 - [TEST_STEP][PASSED] - pages.ShoppingCartPage.clickOnCheckout(findTestObject("Object Repository/ShoppingCartPage/CheckOutButton")): Checkout button has been clicked

02-09-2025T15:07:59 - [MESSAGE][PASSED] - Object 'Object Repository/ShoppingCartPage/CheckOutButton' is visible

02-09-2025T15:07:59 - [MESSAGE][INFO] - Clicking Checkout button

02-09-2025T15:08:01 - [MESSAGE][PASSED] - Object: 'Object Repository/ShoppingCartPage/CheckOutButton' is clicked on

02-09-2025T15:08:01 - [MESSAGE][PASSED] - Checkout button has been clicked

02-09-2025T15:08:01 - [TEST_STEP][PASSED] - logInfo("Entering billing details"): Entering billing details

02-09-2025T15:08:01 - [MESSAGE][INFO] - Entering billing details

02-09-2025T15:08:01 - [TEST_STEP][PASSED] - paymentFields = [["id":"input-payment-firstname", "jsonKey":"firstName", "label":"First Name"], ["id":"input-payment-lastname", "jsonKey":"lastName", "label":"Last Name"], ["id":"input-payment-address-1", "jsonKey":"address", "label":"Address"], ["id":"input-payment-city", "jsonKey":"city", "label":"City"], ["id":"input-payment-postcode", "jsonKey":"postalCode", "label":"Postal Code"]]: null

02-09-2025T15:08:01 - [TEST_STEP][PASSED] - paymentFields.each({ -> ... }): Postal Code has been entered

02-09-2025T15:08:02 - [MESSAGE][PASSED] - Object 'Object Repository/CheckoutPage/dynamicInput' is visible

02-09-2025T15:08:02 - [MESSAGE][INFO] - Entering First Name

02-09-2025T15:08:03 - [MESSAGE][PASSED] - Text 'Alice' is set on object 'Object Repository/CheckoutPage/dynamicInput'

02-09-2025T15:08:03 - [MESSAGE][PASSED] - First Name has been entered

02-09-2025T15:08:03 - [MESSAGE][PASSED] - Object 'Object Repository/CheckoutPage/dynamicInput' is visible

02-09-2025T15:08:03 - [MESSAGE][INFO] - Entering Last Name

02-09-2025T15:08:04 - [MESSAGE][PASSED] - Text 'Smithh' is set on object 'Object Repository/CheckoutPage/dynamicInput'

02-09-2025T15:08:04 - [MESSAGE][PASSED] - Last Name has been entered

02-09-2025T15:08:05 - [MESSAGE][PASSED] - Object 'Object Repository/CheckoutPage/dynamicInput' is visible

02-09-2025T15:08:05 - [MESSAGE][INFO] - Entering Address

02-09-2025T15:08:05 - [MESSAGE][PASSED] - Text '11,Wesley's Road' is set on object 'Object Repository/CheckoutPage/dynamicInput'

02-09-2025T15:08:05 - [MESSAGE][PASSED] - Address has been entered

02-09-2025T15:08:06 - [MESSAGE][PASSED] - Object 'Object Repository/CheckoutPage/dynamicInput' is visible

02-09-2025T15:08:06 - [MESSAGE][INFO] - Entering City

02-09-2025T15:08:06 - [MESSAGE][PASSED] - Text 'Blackburn' is set on object 'Object Repository/CheckoutPage/dynamicInput'

02-09-2025T15:08:06 - [MESSAGE][PASSED] - City has been entered

02-09-2025T15:08:07 - [MESSAGE][PASSED] - Object 'Object Repository/CheckoutPage/dynamicInput' is visible

02-09-2025T15:08:07 - [MESSAGE][INFO] - Entering Postal Code

02-09-2025T15:08:07 - [MESSAGE][PASSED] - Text 'BB1 1AB' is set on object 'Object Repository/CheckoutPage/dynamicInput'

02-09-2025T15:08:07 - [MESSAGE][PASSED] - Postal Code has been entered

02-09-2025T15:08:07 - [TEST_STEP][PASSED] - logInfo("Clicked on Privacy Policy Checkbox"): Clicked on Privacy Policy Checkbox

02-09-2025T15:08:07 - [MESSAGE][INFO] - Clicked on Privacy Policy Checkbox

02-09-2025T15:08:07 - [TEST_STEP][PASSED] - pages.CheckOutPage.clickOnPrivacyPolicyStatement(findTestObject("Object Repository/CheckoutPage/privacyPolicyCheckbox")): Privacy Policy statement has been clicked

02-09-2025T15:08:08 - [MESSAGE][PASSED] - Object 'Object Repository/CheckoutPage/privacyPolicyCheckbox' is visible

02-09-2025T15:08:08 - [MESSAGE][INFO] - Clicking Privacy Policy statement

02-09-2025T15:08:08 - [MESSAGE][PASSED] - Object: 'Object Repository/CheckoutPage/privacyPolicyCheckbox' is clicked on

02-09-2025T15:08:08 - [MESSAGE][PASSED] - Privacy Policy statement has been clicked

02-09-2025T15:08:08 - [TEST_STEP][PASSED] - logInfo("Clicked on Continue Button"): Clicked on Continue Button

02-09-2025T15:08:08 - [MESSAGE][INFO] - Clicked on Continue Button

02-09-2025T15:08:08 - [TEST_STEP][PASSED] - pages.CheckOutPage.clickOnContinue(findTestObject("Object Repository/CheckoutPage/continueButton")): Continue Button has been clicked

02-09-2025T15:08:09 - [MESSAGE][PASSED] - Object 'Object Repository/CheckoutPage/continueButton' is visible

02-09-2025T15:08:09 - [MESSAGE][INFO] - Clicking Continue Button

02-09-2025T15:08:10 - [MESSAGE][PASSED] - Object: 'Object Repository/CheckoutPage/continueButton' is clicked on

02-09-2025T15:08:10 - [MESSAGE][PASSED] - Continue Button has been clicked

02-09-2025T15:08:10 - [TEST_STEP][PASSED] - logInfo("Clicked on Confirm Order"): Clicked on Confirm Order

02-09-2025T15:08:10 - [MESSAGE][INFO] - Clicked on Confirm Order

02-09-2025T15:08:10 - [TEST_STEP][PASSED] - pages.ConfirmOrderPage.clickOnConfirmOrder(findTestObject("Object Repository/ConfirmOrderPage/confirmOrder_Button")): Confirm Order button has been clicked

02-09-2025T15:08:13 - [MESSAGE][PASSED] - Object 'Object Repository/ConfirmOrderPage/confirmOrder_Button' is visible

02-09-2025T15:08:13 - [MESSAGE][INFO] - Clicking Confirm Order button

02-09-2025T15:08:13 - [MESSAGE][PASSED] - Object: 'Object Repository/ConfirmOrderPage/confirmOrder_Button' is clicked on

02-09-2025T15:08:13 - [MESSAGE][PASSED] - Confirm Order button has been clicked

02-09-2025T15:08:13 - [TEST_STEP][PASSED] - logInfo("Verified Order Placement Text"): Verified Order Placement Text

02-09-2025T15:08:13 - [MESSAGE][INFO] - Verified Order Placement Text

02-09-2025T15:08:13 - [TEST_STEP][PASSED] - pages.CheckOutSuccessPage.verifyOrderPlaced(findTestObject("Object Repository/CheckOutSuccessPage/OrderConfirmed"), JsonFileReader.getJsonData(section, "verifyText", filepath)): Order text has been verified

02-09-2025T15:08:16 - [MESSAGE][PASSED] - Object 'Object Repository/CheckOutSuccessPage/OrderConfirmed' is visible

02-09-2025T15:08:16 - [MESSAGE][INFO] - Verifying Order text

02-09-2025T15:08:16 - [MESSAGE][PASSED] - Actual text and expected text of test object 'Object Repository/CheckOutSuccessPage/OrderConfirmed' are matched.

02-09-2025T15:08:16 - [MESSAGE][PASSED] - Order text has been verified

02-09-2025T15:08:16 - [TEST_STEP][PASSED] - Start listener action : closeTheBrowser: Browser is closed

02-09-2025T15:08:16 - [TEST_STEP][PASSED] - closeBrowser(): Browser is closed

02-09-2025T15:08:16 - [MESSAGE][PASSED] - Browser is closed]]></system-out>
         <system-err><![CDATA[]]></system-err>
      </testcase>
      <testcase name="Test Cases/CommentPost" time="18.696" classname="Test Cases/CommentPost" status="PASSED">
         <properties>
            <property name="data_binding"><![CDATA[{"(Default) secti...":"Article","(Default) filep...":"Include/Data Files/login_data.json"}]]></property>
         </properties>
         <system-out><![CDATA[02-09-2025T15:08:16 - [TEST_CASE][PASSED] - Test Cases/CommentPost: Test Cases/CommentPost

02-09-2025T15:08:16 - [TEST_STEP][PASSED] - Start listener action : openTheBrowser: Current window maximized

02-09-2025T15:08:16 - [TEST_STEP][PASSED] - openBrowser(baseUrl): Browser is opened with url: 'https://ecommerce-playground.lambdatest.io/'

02-09-2025T15:08:16 - [MESSAGE][INFO] - Starting 'Chrome' driver

02-09-2025T15:08:16 - [MESSAGE][INFO] - Action delay is set to 0 milliseconds

02-09-2025T15:08:24 - [MESSAGE][PASSED] - Browser is opened with url: 'https://ecommerce-playground.lambdatest.io/'

02-09-2025T15:08:24 - [TEST_STEP][PASSED] - maximizeWindow(): Current window maximized

02-09-2025T15:08:24 - [MESSAGE][PASSED] - Current window maximized

02-09-2025T15:08:24 - [TEST_STEP][PASSED] - logInfo("Clicked on Blog"): Clicked on Blog

02-09-2025T15:08:24 - [MESSAGE][INFO] - Clicked on Blog

02-09-2025T15:08:24 - [TEST_STEP][PASSED] - pages.HomePage.clickOnBlog(findTestObject("Object Repository/Home_Page/Blogs"), "Blog"): Blog has been clicked

02-09-2025T15:08:24 - [MESSAGE][PASSED] - Object 'Object Repository/Home_Page/Blogs' is visible

02-09-2025T15:08:24 - [MESSAGE][INFO] - Clicking Blog

02-09-2025T15:08:26 - [MESSAGE][PASSED] - Object: 'Object Repository/Home_Page/Blogs' is clicked on

02-09-2025T15:08:26 - [MESSAGE][PASSED] - Blog has been clicked

02-09-2025T15:08:26 - [TEST_STEP][PASSED] - logInfo("Clicked on Article"): Clicked on Article

02-09-2025T15:08:26 - [MESSAGE][INFO] - Clicked on Article

02-09-2025T15:08:26 - [TEST_STEP][PASSED] - pages.BlogPage.clickOnArticle(findTestObject("Object Repository/BlogsPage/Article")): Article has been clicked

02-09-2025T15:08:27 - [MESSAGE][PASSED] - Object 'Object Repository/BlogsPage/Article' is visible

02-09-2025T15:08:27 - [MESSAGE][INFO] - Clicking Article

02-09-2025T15:08:30 - [MESSAGE][PASSED] - Object: 'Object Repository/BlogsPage/Article' is clicked on

02-09-2025T15:08:30 - [MESSAGE][PASSED] - Article has been clicked

02-09-2025T15:08:30 - [TEST_STEP][PASSED] - logInfo("Entered Name on Article"): Entered Name on Article

02-09-2025T15:08:30 - [MESSAGE][INFO] - Entered Name on Article

02-09-2025T15:08:30 - [TEST_STEP][PASSED] - pages.ArticlePage.inputNameOnArticle(findTestObject("Object Repository/ArticlePage/inputName"), JsonFileReader.getJsonData(section, "name", filepath)): Name has been entered

02-09-2025T15:08:31 - [MESSAGE][PASSED] - Object 'Object Repository/ArticlePage/inputName' is visible

02-09-2025T15:08:31 - [MESSAGE][INFO] - Entering Name

02-09-2025T15:08:31 - [MESSAGE][PASSED] - Text 'Amal' is set on object 'Object Repository/ArticlePage/inputName'

02-09-2025T15:08:31 - [MESSAGE][PASSED] - Name has been entered

02-09-2025T15:08:31 - [TEST_STEP][PASSED] - logInfo("Entered Email on Article"): Entered Email on Article

02-09-2025T15:08:31 - [MESSAGE][INFO] - Entered Email on Article

02-09-2025T15:08:31 - [TEST_STEP][PASSED] - pages.ArticlePage.inputEmailOnArticle(findTestObject("Object Repository/ArticlePage/inputEmail"), JsonFileReader.getJsonData(section, "email", filepath)): Email has been entered

02-09-2025T15:08:32 - [MESSAGE][PASSED] - Object 'Object Repository/ArticlePage/inputEmail' is visible

02-09-2025T15:08:32 - [MESSAGE][INFO] - Entering Email

02-09-2025T15:08:32 - [MESSAGE][PASSED] - Text 'amal@gmail.com' is set on object 'Object Repository/ArticlePage/inputEmail'

02-09-2025T15:08:32 - [MESSAGE][PASSED] - Email has been entered

02-09-2025T15:08:32 - [TEST_STEP][PASSED] - logInfo("Entered Comment on Article"): Entered Comment on Article

02-09-2025T15:08:32 - [MESSAGE][INFO] - Entered Comment on Article

02-09-2025T15:08:32 - [TEST_STEP][PASSED] - pages.ArticlePage.inputCommentOnArticle(findTestObject("Object Repository/ArticlePage/inputComment"), JsonFileReader.getJsonData(section, "comment", filepath)): Comment has been entered

02-09-2025T15:08:33 - [MESSAGE][PASSED] - Object 'Object Repository/ArticlePage/inputComment' is visible

02-09-2025T15:08:33 - [MESSAGE][INFO] - Entering Comment

02-09-2025T15:08:33 - [MESSAGE][PASSED] - Text 'This comment is to ensure that this testcase is currently running' is set on object 'Object Repository/ArticlePage/inputComment'

02-09-2025T15:08:33 - [MESSAGE][PASSED] - Comment has been entered

02-09-2025T15:08:33 - [TEST_STEP][PASSED] - logInfo("Clicked on Post Comment Button"): Clicked on Post Comment Button

02-09-2025T15:08:33 - [MESSAGE][INFO] - Clicked on Post Comment Button

02-09-2025T15:08:33 - [TEST_STEP][PASSED] - pages.ArticlePage.clickOnPostCommentButton(findTestObject("Object Repository/ArticlePage/postCommentButton")): Post comment has been clicked

02-09-2025T15:08:34 - [MESSAGE][PASSED] - Object 'Object Repository/ArticlePage/postCommentButton' is visible

02-09-2025T15:08:34 - [MESSAGE][INFO] - Clicking Post comment

02-09-2025T15:08:34 - [MESSAGE][PASSED] - Object: 'Object Repository/ArticlePage/postCommentButton' is clicked on

02-09-2025T15:08:34 - [MESSAGE][PASSED] - Post comment has been clicked

02-09-2025T15:08:34 - [TEST_STEP][PASSED] - logInfo("Verified Success Message"): Verified Success Message

02-09-2025T15:08:34 - [MESSAGE][INFO] - Verified Success Message

02-09-2025T15:08:34 - [TEST_STEP][PASSED] - pages.ArticlePage.verifySuccessText(findTestObject("Object Repository/ArticlePage/successMessage"), JsonFileReader.getJsonData(section, "successMessage", filepath)): Success Text has been verified

02-09-2025T15:08:35 - [MESSAGE][PASSED] - Object 'Object Repository/ArticlePage/successMessage' is visible

02-09-2025T15:08:35 - [MESSAGE][INFO] - Verifying Success Text

02-09-2025T15:08:35 - [MESSAGE][PASSED] - Actual text and expected text of test object 'Object Repository/ArticlePage/successMessage' are matched.

02-09-2025T15:08:35 - [MESSAGE][PASSED] - Success Text has been verified

02-09-2025T15:08:35 - [TEST_STEP][PASSED] - Start listener action : closeTheBrowser: Browser is closed

02-09-2025T15:08:35 - [TEST_STEP][PASSED] - closeBrowser(): Browser is closed

02-09-2025T15:08:35 - [MESSAGE][PASSED] - Browser is closed]]></system-out>
         <system-err><![CDATA[]]></system-err>
      </testcase>
      <system-out><![CDATA[02-09-2025T15:06:14 - [TEST_SUITE][PASSED] - TestSuite: null]]></system-out>
      <system-err><![CDATA[]]></system-err>
   </testsuite>
</testsuites>
